# JRE version: OpenJDK Runtime Environment Temurin-11.0.26+4 (11.0.26+4) (build 11.0.26+4)
# Java VM: OpenJDK 64-Bit Server VM Temurin-11.0.26+4 (11.0.26+4, mixed mode, tiered, compressed oops, g1 gc, bsd-aarch64)
Heap:
 garbage-first heap   total 156672K, used 43954K [0x00000006c0000000, 0x00000007c0000000)
  region size 1024K, 16 young (16384K), 8 survivors (8192K)
 Metaspace       used 16564K, capacity 16906K, committed 17024K, reserved 1064960K
  class space    used 1515K, capacity 1640K, committed 1664K, reserved 1048576K
GC Heap History (20 events):
Event: 0.417 GC heap before
{Heap before GC invocations=10 (full 2):
 garbage-first heap   total 24576K, used 16838K [0x00000006c0000000, 0x00000007c0000000)
  region size 1024K, 5 young (5120K), 1 survivors (1024K)
 Metaspace       used 13577K, capacity 13927K, committed 14080K, reserved 1062912K
  class space    used 1287K, capacity 1415K, committed 1536K, reserved 1048576K
}
Event: 0.418 GC heap after
{Heap after GC invocations=11 (full 2):
 garbage-first heap   total 24576K, used 13572K [0x00000006c0000000, 0x00000007c0000000)
  region size 1024K, 1 young (1024K), 1 survivors (1024K)
 Metaspace       used 13577K, capacity 13927K, committed 14080K, reserved 1062912K
  class space    used 1287K, capacity 1415K, committed 1536K, reserved 1048576K
}
Event: 0.449 GC heap before
{Heap before GC invocations=12 (full 2):
 garbage-first heap   total 24576K, used 16644K [0x00000006c0000000, 0x00000007c0000000)
  region size 1024K, 4 young (4096K), 1 survivors (1024K)
 Metaspace       used 14288K, capacity 14631K, committed 14848K, reserved 1062912K
  class space    used 1342K, capacity 1479K, committed 1536K, reserved 1048576K
}
Event: 0.449 GC heap after
{Heap after GC invocations=13 (full 2):
 garbage-first heap   total 143360K, used 13757K [0x00000006c0000000, 0x00000007c0000000)
  region size 1024K, 1 young (1024K), 1 survivors (1024K)
 Metaspace       used 14288K, capacity 14631K, committed 14848K, reserved 1062912K
  class space    used 1342K, capacity 1479K, committed 1536K, reserved 1048576K
}
Event: 0.454 GC heap before
{Heap before GC invocations=13 (full 2):
 garbage-first heap   total 143360K, used 13757K [0x00000006c0000000, 0x00000007c0000000)
  region size 1024K, 2 young (2048K), 1 survivors (1024K)
 Metaspace       used 14360K, capacity 14695K, committed 14848K, reserved 1062912K
  class space    used 1346K, capacity 1479K, committed 1536K, reserved 1048576K
}
Event: 0.460 GC heap after
{Heap after GC invocations=14 (full 3):
 garbage-first heap   total 51200K, used 13419K [0x00000006c0000000, 0x00000007c0000000)
  region size 1024K, 0 young (0K), 0 survivors (0K)
 Metaspace       used 14360K, capacity 14695K, committed 14848K, reserved 1062912K
  class space    used 1346K, capacity 1479K, committed 1536K, reserved 1048576K
}
Event: 0.607 GC heap before
{Heap before GC invocations=14 (full 3):
 garbage-first heap   total 51200K, used 26731K [0x00000006c0000000, 0x00000007c0000000)
  region size 1024K, 13 young (13312K), 0 survivors (0K)
 Metaspace       used 15852K, capacity 16202K, committed 16256K, reserved 1064960K
  class space    used 1511K, capacity 1640K, committed 1664K, reserved 1048576K
}
Event: 0.609 GC heap after
{Heap after GC invocations=15 (full 3):
 garbage-first heap   total 51200K, used 17398K [0x00000006c0000000, 0x00000007c0000000)
  region size 1024K, 2 young (2048K), 2 survivors (2048K)
 Metaspace       used 15852K, capacity 16202K, committed 16256K, reserved 1064960K
  class space    used 1511K, capacity 1640K, committed 1664K, reserved 1048576K
}
Event: 0.643 GC heap before
{Heap before GC invocations=15 (full 3):
 garbage-first heap   total 51200K, used 24566K [0x00000006c0000000, 0x00000007c0000000)
  region size 1024K, 10 young (10240K), 2 survivors (2048K)
 Metaspace       used 16030K, capacity 16330K, committed 16512K, reserved 1064960K
  class space    used 1513K, capacity 1640K, committed 1664K, reserved 1048576K
}
Event: 0.652 GC heap after
{Heap after GC invocations=16 (full 4):
 garbage-first heap   total 51200K, used 15665K [0x00000006c0000000, 0x00000007c0000000)
  region size 1024K, 0 young (0K), 0 survivors (0K)
 Metaspace       used 16030K, capacity 16330K, committed 16512K, reserved 1064960K
  class space    used 1513K, capacity 1640K, committed 1664K, reserved 1048576K
}
Event: 0.732 GC heap before
{Heap before GC invocations=16 (full 4):
 garbage-first heap   total 51200K, used 30001K [0x00000006c0000000, 0x00000007c0000000)
  region size 1024K, 15 young (15360K), 0 survivors (0K)
 Metaspace       used 16159K, capacity 16458K, committed 16512K, reserved 1064960K
  class space    used 1513K, capacity 1640K, committed 1664K, reserved 1048576K
}
Event: 0.733 GC heap after
{Heap after GC invocations=17 (full 4):
 garbage-first heap   total 51200K, used 19413K [0x00000006c0000000, 0x00000007c0000000)
  region size 1024K, 2 young (2048K), 2 survivors (2048K)
 Metaspace       used 16159K, capacity 16458K, committed 16512K, reserved 1064960K
  class space    used 1513K, capacity 1640K, committed 1664K, reserved 1048576K
}
Event: 0.808 GC heap before
{Heap before GC invocations=17 (full 4):
 garbage-first heap   total 51200K, used 30677K [0x00000006c0000000, 0x00000007c0000000)
  region size 1024K, 14 young (14336K), 2 survivors (2048K)
 Metaspace       used 16223K, capacity 16586K, committed 16768K, reserved 1064960K
  class space    used 1513K, capacity 1640K, committed 1664K, reserved 1048576K
}
Event: 0.810 GC heap after
{Heap after GC invocations=18 (full 4):
 garbage-first heap   total 51200K, used 22610K [0x00000006c0000000, 0x00000007c0000000)
  region size 1024K, 2 young (2048K), 2 survivors (2048K)
 Metaspace       used 16223K, capacity 16586K, committed 16768K, reserved 1064960K
  class space    used 1513K, capacity 1640K, committed 1664K, reserved 1048576K
}
Event: 0.871 GC heap before
{Heap before GC invocations=18 (full 4):
 garbage-first heap   total 51200K, used 33874K [0x00000006c0000000, 0x00000007c0000000)
  region size 1024K, 13 young (13312K), 2 survivors (2048K)
 Metaspace       used 16277K, capacity 16586K, committed 16768K, reserved 1064960K
  class space    used 1513K, capacity 1640K, committed 1664K, reserved 1048576K
}
Event: 0.873 GC heap after
{Heap after GC invocations=19 (full 4):
 garbage-first heap   total 156672K, used 25758K [0x00000006c0000000, 0x00000007c0000000)
  region size 1024K, 2 young (2048K), 2 survivors (2048K)
 Metaspace       used 16277K, capacity 16586K, committed 16768K, reserved 1064960K
  class space    used 1513K, capacity 1640K, committed 1664K, reserved 1048576K
}
Event: 1.189 GC heap before
{Heap before GC invocations=19 (full 4):
 garbage-first heap   total 156672K, used 77982K [0x00000006c0000000, 0x00000007c0000000)
  region size 1024K, 53 young (54272K), 2 survivors (2048K)
 Metaspace       used 16419K, capacity 16714K, committed 16768K, reserved 1064960K
  class space    used 1514K, capacity 1640K, committed 1664K, reserved 1048576K
}
Event: 1.194 GC heap after
{Heap after GC invocations=20 (full 4):
 garbage-first heap   total 156672K, used 32049K [0x00000006c0000000, 0x00000007c0000000)
  region size 1024K, 7 young (7168K), 7 survivors (7168K)
 Metaspace       used 16419K, capacity 16714K, committed 16768K, reserved 1064960K
  class space    used 1514K, capacity 1640K, committed 1664K, reserved 1048576K
}
Event: 1.468 GC heap before
{Heap before GC invocations=20 (full 4):
 garbage-first heap   total 156672K, used 91441K [0x00000006c0000000, 0x00000007c0000000)
  region size 1024K, 65 young (66560K), 7 survivors (7168K)
 Metaspace       used 16557K, capacity 16906K, committed 17024K, reserved 1064960K
  class space    used 1514K, capacity 1640K, committed 1664K, reserved 1048576K
}
Event: 1.482 GC heap after
{Heap after GC invocations=21 (full 4):
 garbage-first heap   total 156672K, used 36786K [0x00000006c0000000, 0x00000007c0000000)
  region size 1024K, 8 young (8192K), 8 survivors (8192K)
 Metaspace       used 16557K, capacity 16906K, committed 17024K, reserved 1064960K
  class space    used 1514K, capacity 1640K, committed 1664K, reserved 1048576K
}

