# JRE version: OpenJDK Runtime Environment Temurin-11.0.26+4 (11.0.26+4) (build 11.0.26+4)
# Java VM: OpenJDK 64-Bit Server VM Temurin-11.0.26+4 (11.0.26+4, mixed mode, tiered, compressed oops, g1 gc, bsd-aarch64)
Heap:
 garbage-first heap   total 153600K, used 37729K [0x00000006c0000000, 0x00000007c0000000)
  region size 1024K, 13 young (13312K), 2 survivors (2048K)
 Metaspace       used 16766K, capacity 17102K, committed 17280K, reserved 1064960K
  class space    used 1514K, capacity 1640K, committed 1664K, reserved 1048576K
GC Heap History (20 events):
Event: 18.642 GC heap before
{Heap before GC invocations=29 (full 5):
 garbage-first heap   total 45056K, used 30012K [0x00000006c0000000, 0x00000007c0000000)
  region size 1024K, 11 young (11264K), 2 survivors (2048K)
 Metaspace       used 16693K, capacity 17035K, committed 17280K, reserved 1064960K
  class space    used 1514K, capacity 1640K, committed 1664K, reserved 1048576K
}
Event: 18.644 GC heap after
{Heap after GC invocations=30 (full 5):
 garbage-first heap   total 45056K, used 23428K [0x00000006c0000000, 0x00000007c0000000)
  region size 1024K, 2 young (2048K), 2 survivors (2048K)
 Metaspace       used 16693K, capacity 17035K, committed 17280K, reserved 1064960K
  class space    used 1514K, capacity 1640K, committed 1664K, reserved 1048576K
}
Event: 18.645 GC heap before
{Heap before GC invocations=30 (full 5):
 garbage-first heap   total 45056K, used 24452K [0x00000006c0000000, 0x00000007c0000000)
  region size 1024K, 3 young (3072K), 2 survivors (2048K)
 Metaspace       used 16697K, capacity 17035K, committed 17280K, reserved 1064960K
  class space    used 1514K, capacity 1640K, committed 1664K, reserved 1048576K
}
Event: 18.645 GC heap after
{Heap after GC invocations=31 (full 5):
 garbage-first heap   total 45056K, used 19744K [0x00000006c0000000, 0x00000007c0000000)
  region size 1024K, 1 young (1024K), 1 survivors (1024K)
 Metaspace       used 16697K, capacity 17035K, committed 17280K, reserved 1064960K
  class space    used 1514K, capacity 1640K, committed 1664K, reserved 1048576K
}
Event: 18.837 GC heap before
{Heap before GC invocations=31 (full 5):
 garbage-first heap   total 45056K, used 29984K [0x00000006c0000000, 0x00000007c0000000)
  region size 1024K, 11 young (11264K), 1 survivors (1024K)
 Metaspace       used 16710K, capacity 17035K, committed 17280K, reserved 1064960K
  class space    used 1514K, capacity 1640K, committed 1664K, reserved 1048576K
}
Event: 18.838 GC heap after
{Heap after GC invocations=32 (full 5):
 garbage-first heap   total 45056K, used 22386K [0x00000006c0000000, 0x00000007c0000000)
  region size 1024K, 2 young (2048K), 2 survivors (2048K)
 Metaspace       used 16710K, capacity 17035K, committed 17280K, reserved 1064960K
  class space    used 1514K, capacity 1640K, committed 1664K, reserved 1048576K
}
Event: 18.925 GC heap before
{Heap before GC invocations=33 (full 5):
 garbage-first heap   total 45056K, used 31602K [0x00000006c0000000, 0x00000007c0000000)
  region size 1024K, 11 young (11264K), 2 survivors (2048K)
 Metaspace       used 16727K, capacity 17035K, committed 17280K, reserved 1064960K
  class space    used 1514K, capacity 1640K, committed 1664K, reserved 1048576K
}
Event: 18.926 GC heap after
{Heap after GC invocations=34 (full 5):
 garbage-first heap   total 45056K, used 23418K [0x00000006c0000000, 0x00000007c0000000)
  region size 1024K, 2 young (2048K), 2 survivors (2048K)
 Metaspace       used 16727K, capacity 17035K, committed 17280K, reserved 1064960K
  class space    used 1514K, capacity 1640K, committed 1664K, reserved 1048576K
}
Event: 18.926 GC heap before
{Heap before GC invocations=34 (full 5):
 garbage-first heap   total 45056K, used 24442K [0x00000006c0000000, 0x00000007c0000000)
  region size 1024K, 3 young (3072K), 2 survivors (2048K)
 Metaspace       used 16727K, capacity 17035K, committed 17280K, reserved 1064960K
  class space    used 1514K, capacity 1640K, committed 1664K, reserved 1048576K
}
Event: 18.927 GC heap after
{Heap after GC invocations=35 (full 5):
 garbage-first heap   total 45056K, used 20162K [0x00000006c0000000, 0x00000007c0000000)
  region size 1024K, 1 young (1024K), 1 survivors (1024K)
 Metaspace       used 16727K, capacity 17035K, committed 17280K, reserved 1064960K
  class space    used 1514K, capacity 1640K, committed 1664K, reserved 1048576K
}
Event: 18.928 GC heap before
{Heap before GC invocations=35 (full 5):
 garbage-first heap   total 45056K, used 21186K [0x00000006c0000000, 0x00000007c0000000)
  region size 1024K, 2 young (2048K), 1 survivors (1024K)
 Metaspace       used 16727K, capacity 17035K, committed 17280K, reserved 1064960K
  class space    used 1514K, capacity 1640K, committed 1664K, reserved 1048576K
}
Event: 18.928 GC heap after
{Heap after GC invocations=36 (full 5):
 garbage-first heap   total 45056K, used 20320K [0x00000006c0000000, 0x00000007c0000000)
  region size 1024K, 1 young (1024K), 1 survivors (1024K)
 Metaspace       used 16727K, capacity 17035K, committed 17280K, reserved 1064960K
  class space    used 1514K, capacity 1640K, committed 1664K, reserved 1048576K
}
Event: 19.097 GC heap before
{Heap before GC invocations=36 (full 5):
 garbage-first heap   total 45056K, used 29536K [0x00000006c0000000, 0x00000007c0000000)
  region size 1024K, 11 young (11264K), 1 survivors (1024K)
 Metaspace       used 16738K, capacity 17037K, committed 17280K, reserved 1064960K
  class space    used 1514K, capacity 1640K, committed 1664K, reserved 1048576K
}
Event: 19.098 GC heap after
{Heap after GC invocations=37 (full 5):
 garbage-first heap   total 45056K, used 22475K [0x00000006c0000000, 0x00000007c0000000)
  region size 1024K, 2 young (2048K), 2 survivors (2048K)
 Metaspace       used 16738K, capacity 17037K, committed 17280K, reserved 1064960K
  class space    used 1514K, capacity 1640K, committed 1664K, reserved 1048576K
}
Event: 19.188 GC heap before
{Heap before GC invocations=37 (full 5):
 garbage-first heap   total 45056K, used 31691K [0x00000006c0000000, 0x00000007c0000000)
  region size 1024K, 11 young (11264K), 2 survivors (2048K)
 Metaspace       used 16741K, capacity 17038K, committed 17280K, reserved 1064960K
  class space    used 1514K, capacity 1640K, committed 1664K, reserved 1048576K
}
Event: 19.189 GC heap after
{Heap after GC invocations=38 (full 5):
 garbage-first heap   total 45056K, used 22780K [0x00000006c0000000, 0x00000007c0000000)
  region size 1024K, 1 young (1024K), 1 survivors (1024K)
 Metaspace       used 16741K, capacity 17038K, committed 17280K, reserved 1064960K
  class space    used 1514K, capacity 1640K, committed 1664K, reserved 1048576K
}
Event: 19.196 GC heap before
{Heap before GC invocations=38 (full 5):
 garbage-first heap   total 45056K, used 31996K [0x00000006c0000000, 0x00000007c0000000)
  region size 1024K, 10 young (10240K), 1 survivors (1024K)
 Metaspace       used 16753K, capacity 17102K, committed 17280K, reserved 1064960K
  class space    used 1514K, capacity 1640K, committed 1664K, reserved 1048576K
}
Event: 19.197 GC heap after
{Heap after GC invocations=39 (full 5):
 garbage-first heap   total 45056K, used 25579K [0x00000006c0000000, 0x00000007c0000000)
  region size 1024K, 2 young (2048K), 2 survivors (2048K)
 Metaspace       used 16753K, capacity 17102K, committed 17280K, reserved 1064960K
  class space    used 1514K, capacity 1640K, committed 1664K, reserved 1048576K
}
Event: 19.376 GC heap before
{Heap before GC invocations=39 (full 5):
 garbage-first heap   total 45056K, used 32747K [0x00000006c0000000, 0x00000007c0000000)
  region size 1024K, 9 young (9216K), 2 survivors (2048K)
 Metaspace       used 16762K, capacity 17102K, committed 17280K, reserved 1064960K
  class space    used 1514K, capacity 1640K, committed 1664K, reserved 1048576K
}
Event: 19.378 GC heap after
{Heap after GC invocations=40 (full 5):
 garbage-first heap   total 153600K, used 27489K [0x00000006c0000000, 0x00000007c0000000)
  region size 1024K, 2 young (2048K), 2 survivors (2048K)
 Metaspace       used 16762K, capacity 17102K, committed 17280K, reserved 1064960K
  class space    used 1514K, capacity 1640K, committed 1664K, reserved 1048576K
}

