# JRE version: OpenJDK Runtime Environment Temurin-11.0.26+4 (11.0.26+4) (build 11.0.26+4)
# Java VM: OpenJDK 64-Bit Server VM Temurin-11.0.26+4 (11.0.26+4, mixed mode, tiered, compressed oops, g1 gc, bsd-aarch64)
Heap:
 garbage-first heap   total 92160K, used 57612K [0x00000006c0000000, 0x00000007c0000000)
  region size 1024K, 31 young (31744K), 0 survivors (0K)
 Metaspace       used 19791K, capacity 20202K, committed 20352K, reserved 1067008K
  class space    used 1905K, capacity 2079K, committed 2176K, reserved 1048576K
GC Heap History (20 events):
Event: 0.722 GC heap before
{Heap before GC invocations=20 (full 4):
 garbage-first heap   total 89088K, used 38202K [0x00000006c0000000, 0x00000007c0000000)
  region size 1024K, 4 young (4096K), 2 survivors (2048K)
 Metaspace       used 18811K, capacity 19262K, committed 19456K, reserved 1067008K
  class space    used 1799K, capacity 1979K, committed 2048K, reserved 1048576K
}
Event: 0.731 GC heap after
{Heap after GC invocations=21 (full 5):
 garbage-first heap   total 89088K, used 32500K [0x00000006c0000000, 0x00000007c0000000)
  region size 1024K, 0 young (0K), 0 survivors (0K)
 Metaspace       used 18811K, capacity 19262K, committed 19456K, reserved 1067008K
  class space    used 1799K, capacity 1979K, committed 2048K, reserved 1048576K
}
Event: 0.828 GC heap before
{Heap before GC invocations=21 (full 5):
 garbage-first heap   total 89088K, used 68340K [0x00000006c0000000, 0x00000007c0000000)
  region size 1024K, 28 young (28672K), 0 survivors (0K)
 Metaspace       used 18940K, capacity 19326K, committed 19456K, reserved 1067008K
  class space    used 1816K, capacity 1979K, committed 2048K, reserved 1048576K
}
Event: 0.828 GC heap after
{Heap after GC invocations=22 (full 5):
 garbage-first heap   total 89088K, used 39980K [0x00000006c0000000, 0x00000007c0000000)
  region size 1024K, 1 young (1024K), 1 survivors (1024K)
 Metaspace       used 18940K, capacity 19326K, committed 19456K, reserved 1067008K
  class space    used 1816K, capacity 1979K, committed 2048K, reserved 1048576K
}
Event: 0.849 GC heap before
{Heap before GC invocations=22 (full 5):
 garbage-first heap   total 89088K, used 71724K [0x00000006c0000000, 0x00000007c0000000)
  region size 1024K, 32 young (32768K), 1 survivors (1024K)
 Metaspace       used 18940K, capacity 19326K, committed 19456K, reserved 1067008K
  class space    used 1816K, capacity 1979K, committed 2048K, reserved 1048576K
}
Event: 0.849 GC heap after
{Heap after GC invocations=23 (full 5):
 garbage-first heap   total 89088K, used 37701K [0x00000006c0000000, 0x00000007c0000000)
  region size 1024K, 1 young (1024K), 1 survivors (1024K)
 Metaspace       used 18940K, capacity 19326K, committed 19456K, reserved 1067008K
  class space    used 1816K, capacity 1979K, committed 2048K, reserved 1048576K
}
Event: 0.859 GC heap before
{Heap before GC invocations=23 (full 5):
 garbage-first heap   total 89088K, used 40773K [0x00000006c0000000, 0x00000007c0000000)
  region size 1024K, 5 young (5120K), 1 survivors (1024K)
 Metaspace       used 18997K, capacity 19390K, committed 19712K, reserved 1067008K
  class space    used 1817K, capacity 1979K, committed 2048K, reserved 1048576K
}
Event: 0.860 GC heap after
{Heap after GC invocations=24 (full 5):
 garbage-first heap   total 89088K, used 38076K [0x00000006c0000000, 0x00000007c0000000)
  region size 1024K, 1 young (1024K), 1 survivors (1024K)
 Metaspace       used 18997K, capacity 19390K, committed 19712K, reserved 1067008K
  class space    used 1817K, capacity 1979K, committed 2048K, reserved 1048576K
}
Event: 0.860 GC heap before
{Heap before GC invocations=24 (full 5):
 garbage-first heap   total 89088K, used 48316K [0x00000006c0000000, 0x00000007c0000000)
  region size 1024K, 1 young (1024K), 1 survivors (1024K)
 Metaspace       used 18997K, capacity 19390K, committed 19712K, reserved 1067008K
  class space    used 1817K, capacity 1979K, committed 2048K, reserved 1048576K
}
Event: 0.870 GC heap after
{Heap after GC invocations=25 (full 6):
 garbage-first heap   total 89088K, used 32934K [0x00000006c0000000, 0x00000007c0000000)
  region size 1024K, 0 young (0K), 0 survivors (0K)
 Metaspace       used 18997K, capacity 19390K, committed 19712K, reserved 1067008K
  class space    used 1817K, capacity 1979K, committed 2048K, reserved 1048576K
}
Event: 0.909 GC heap before
{Heap before GC invocations=25 (full 6):
 garbage-first heap   total 89088K, used 46246K [0x00000006c0000000, 0x00000007c0000000)
  region size 1024K, 8 young (8192K), 0 survivors (0K)
 Metaspace       used 19047K, capacity 19454K, committed 19712K, reserved 1067008K
  class space    used 1817K, capacity 1979K, committed 2048K, reserved 1048576K
}
Event: 0.910 GC heap after
{Heap after GC invocations=26 (full 6):
 garbage-first heap   total 107520K, used 36210K [0x00000006c0000000, 0x00000007c0000000)
  region size 1024K, 2 young (2048K), 2 survivors (2048K)
 Metaspace       used 19047K, capacity 19454K, committed 19712K, reserved 1067008K
  class space    used 1817K, capacity 1979K, committed 2048K, reserved 1048576K
}
Event: 0.942 GC heap before
{Heap before GC invocations=27 (full 6):
 garbage-first heap   total 107520K, used 52594K [0x00000006c0000000, 0x00000007c0000000)
  region size 1024K, 7 young (7168K), 2 survivors (2048K)
 Metaspace       used 19050K, capacity 19454K, committed 19712K, reserved 1067008K
  class space    used 1817K, capacity 1979K, committed 2048K, reserved 1048576K
}
Event: 0.942 GC heap after
{Heap after GC invocations=28 (full 6):
 garbage-first heap   total 107520K, used 42792K [0x00000006c0000000, 0x00000007c0000000)
  region size 1024K, 2 young (2048K), 2 survivors (2048K)
 Metaspace       used 19050K, capacity 19454K, committed 19712K, reserved 1067008K
  class space    used 1817K, capacity 1979K, committed 2048K, reserved 1048576K
}
Event: 0.958 GC heap before
{Heap before GC invocations=29 (full 6):
 garbage-first heap   total 107520K, used 49960K [0x00000006c0000000, 0x00000007c0000000)
  region size 1024K, 4 young (4096K), 2 survivors (2048K)
 Metaspace       used 19050K, capacity 19454K, committed 19712K, reserved 1067008K
  class space    used 1817K, capacity 1979K, committed 2048K, reserved 1048576K
}
Event: 0.959 GC heap after
{Heap after GC invocations=30 (full 6):
 garbage-first heap   total 107520K, used 45416K [0x00000006c0000000, 0x00000007c0000000)
  region size 1024K, 1 young (1024K), 1 survivors (1024K)
 Metaspace       used 19050K, capacity 19454K, committed 19712K, reserved 1067008K
  class space    used 1817K, capacity 1979K, committed 2048K, reserved 1048576K
}
Event: 1.003 GC heap before
{Heap before GC invocations=31 (full 6):
 garbage-first heap   total 107520K, used 47464K [0x00000006c0000000, 0x00000007c0000000)
  region size 1024K, 2 young (2048K), 1 survivors (1024K)
 Metaspace       used 19051K, capacity 19454K, committed 19712K, reserved 1067008K
  class space    used 1817K, capacity 1979K, committed 2048K, reserved 1048576K
}
Event: 1.004 GC heap after
{Heap after GC invocations=32 (full 6):
 garbage-first heap   total 107520K, used 41289K [0x00000006c0000000, 0x00000007c0000000)
  region size 1024K, 1 young (1024K), 1 survivors (1024K)
 Metaspace       used 19051K, capacity 19454K, committed 19712K, reserved 1067008K
  class space    used 1817K, capacity 1979K, committed 2048K, reserved 1048576K
}
Event: 1.035 GC heap before
{Heap before GC invocations=33 (full 6):
 garbage-first heap   total 107520K, used 74057K [0x00000006c0000000, 0x00000007c0000000)
  region size 1024K, 31 young (31744K), 1 survivors (1024K)
 Metaspace       used 19056K, capacity 19454K, committed 19712K, reserved 1067008K
  class space    used 1817K, capacity 1979K, committed 2048K, reserved 1048576K
}
Event: 1.045 GC heap after
{Heap after GC invocations=34 (full 7):
 garbage-first heap   total 92160K, used 26892K [0x00000006c0000000, 0x00000007c0000000)
  region size 1024K, 0 young (0K), 0 survivors (0K)
 Metaspace       used 19056K, capacity 19454K, committed 19712K, reserved 1067008K
  class space    used 1817K, capacity 1979K, committed 2048K, reserved 1048576K
}

