# JRE version: OpenJDK Runtime Environment Temurin-11.0.26+4 (11.0.26+4) (build 11.0.26+4)
# Java VM: OpenJDK 64-Bit Server VM Temurin-11.0.26+4 (11.0.26+4, mixed mode, tiered, compressed oops, g1 gc, bsd-aarch64)
Heap:
 garbage-first heap   total 79872K, used 43415K [0x00000006c0000000, 0x00000007c0000000)
  region size 1024K, 14 young (14336K), 2 survivors (2048K)
 Metaspace       used 21553K, capacity 21966K, committed 22144K, reserved 1069056K
  class space    used 1951K, capacity 2112K, committed 2176K, reserved 1048576K
GC Heap History (20 events):
Event: 978.360 GC heap before
{Heap before GC invocations=125 (full 11):
 garbage-first heap   total 79872K, used 44364K [0x00000006c0000000, 0x00000007c0000000)
  region size 1024K, 12 young (12288K), 4 survivors (4096K)
 Metaspace       used 21488K, capacity 21902K, committed 22144K, reserved 1069056K
  class space    used 1951K, capacity 2112K, committed 2176K, reserved 1048576K
}
Event: 978.361 GC heap after
{Heap after GC invocations=126 (full 11):
 garbage-first heap   total 79872K, used 33727K [0x00000006c0000000, 0x00000007c0000000)
  region size 1024K, 1 young (1024K), 1 survivors (1024K)
 Metaspace       used 21488K, capacity 21902K, committed 22144K, reserved 1069056K
  class space    used 1951K, capacity 2112K, committed 2176K, reserved 1048576K
}
Event: 978.399 GC heap before
{Heap before GC invocations=127 (full 11):
 garbage-first heap   total 79872K, used 56255K [0x00000006c0000000, 0x00000007c0000000)
  region size 1024K, 31 young (31744K), 1 survivors (1024K)
 Metaspace       used 21489K, capacity 21902K, committed 22144K, reserved 1069056K
  class space    used 1951K, capacity 2112K, committed 2176K, reserved 1048576K
}
Event: 978.399 GC heap after
{Heap after GC invocations=128 (full 11):
 garbage-first heap   total 79872K, used 25912K [0x00000006c0000000, 0x00000007c0000000)
  region size 1024K, 1 young (1024K), 1 survivors (1024K)
 Metaspace       used 21489K, capacity 21902K, committed 22144K, reserved 1069056K
  class space    used 1951K, capacity 2112K, committed 2176K, reserved 1048576K
}
Event: 978.400 GC heap before
{Heap before GC invocations=128 (full 11):
 garbage-first heap   total 79872K, used 27960K [0x00000006c0000000, 0x00000007c0000000)
  region size 1024K, 3 young (3072K), 1 survivors (1024K)
 Metaspace       used 21489K, capacity 21902K, committed 22144K, reserved 1069056K
  class space    used 1951K, capacity 2112K, committed 2176K, reserved 1048576K
}
Event: 978.401 GC heap after
{Heap after GC invocations=129 (full 11):
 garbage-first heap   total 79872K, used 24965K [0x00000006c0000000, 0x00000007c0000000)
  region size 1024K, 1 young (1024K), 1 survivors (1024K)
 Metaspace       used 21489K, capacity 21902K, committed 22144K, reserved 1069056K
  class space    used 1951K, capacity 2112K, committed 2176K, reserved 1048576K
}
Event: 978.416 GC heap before
{Heap before GC invocations=129 (full 11):
 garbage-first heap   total 79872K, used 60805K [0x00000006c0000000, 0x00000007c0000000)
  region size 1024K, 36 young (36864K), 1 survivors (1024K)
 Metaspace       used 21489K, capacity 21902K, committed 22144K, reserved 1069056K
  class space    used 1951K, capacity 2112K, committed 2176K, reserved 1048576K
}
Event: 978.416 GC heap after
{Heap after GC invocations=130 (full 11):
 garbage-first heap   total 79872K, used 24930K [0x00000006c0000000, 0x00000007c0000000)
  region size 1024K, 1 young (1024K), 1 survivors (1024K)
 Metaspace       used 21489K, capacity 21902K, committed 22144K, reserved 1069056K
  class space    used 1951K, capacity 2112K, committed 2176K, reserved 1048576K
}
Event: 978.441 GC heap before
{Heap before GC invocations=130 (full 11):
 garbage-first heap   total 79872K, used 64866K [0x00000006c0000000, 0x00000007c0000000)
  region size 1024K, 37 young (37888K), 1 survivors (1024K)
 Metaspace       used 21492K, capacity 21902K, committed 22144K, reserved 1069056K
  class space    used 1951K, capacity 2112K, committed 2176K, reserved 1048576K
}
Event: 978.442 GC heap after
{Heap after GC invocations=131 (full 11):
 garbage-first heap   total 79872K, used 28819K [0x00000006c0000000, 0x00000007c0000000)
  region size 1024K, 2 young (2048K), 2 survivors (2048K)
 Metaspace       used 21492K, capacity 21902K, committed 22144K, reserved 1069056K
  class space    used 1951K, capacity 2112K, committed 2176K, reserved 1048576K
}
Event: 982.224 GC heap before
{Heap before GC invocations=131 (full 11):
 garbage-first heap   total 79872K, used 63635K [0x00000006c0000000, 0x00000007c0000000)
  region size 1024K, 36 young (36864K), 2 survivors (2048K)
 Metaspace       used 21496K, capacity 21902K, committed 22144K, reserved 1069056K
  class space    used 1951K, capacity 2112K, committed 2176K, reserved 1048576K
}
Event: 982.227 GC heap after
{Heap after GC invocations=132 (full 11):
 garbage-first heap   total 79872K, used 31166K [0x00000006c0000000, 0x00000007c0000000)
  region size 1024K, 4 young (4096K), 4 survivors (4096K)
 Metaspace       used 21496K, capacity 21902K, committed 22144K, reserved 1069056K
  class space    used 1951K, capacity 2112K, committed 2176K, reserved 1048576K
}
Event: 982.276 GC heap before
{Heap before GC invocations=132 (full 11):
 garbage-first heap   total 79872K, used 67006K [0x00000006c0000000, 0x00000007c0000000)
  region size 1024K, 36 young (36864K), 4 survivors (4096K)
 Metaspace       used 21513K, capacity 21902K, committed 22144K, reserved 1069056K
  class space    used 1951K, capacity 2112K, committed 2176K, reserved 1048576K
}
Event: 982.277 GC heap after
{Heap after GC invocations=133 (full 11):
 garbage-first heap   total 79872K, used 31602K [0x00000006c0000000, 0x00000007c0000000)
  region size 1024K, 1 young (1024K), 1 survivors (1024K)
 Metaspace       used 21513K, capacity 21902K, committed 22144K, reserved 1069056K
  class space    used 1951K, capacity 2112K, committed 2176K, reserved 1048576K
}
Event: 982.292 GC heap before
{Heap before GC invocations=133 (full 11):
 garbage-first heap   total 79872K, used 64370K [0x00000006c0000000, 0x00000007c0000000)
  region size 1024K, 33 young (33792K), 1 survivors (1024K)
 Metaspace       used 21513K, capacity 21902K, committed 22144K, reserved 1069056K
  class space    used 1951K, capacity 2112K, committed 2176K, reserved 1048576K
}
Event: 982.292 GC heap after
{Heap after GC invocations=134 (full 11):
 garbage-first heap   total 79872K, used 31365K [0x00000006c0000000, 0x00000007c0000000)
  region size 1024K, 1 young (1024K), 1 survivors (1024K)
 Metaspace       used 21513K, capacity 21902K, committed 22144K, reserved 1069056K
  class space    used 1951K, capacity 2112K, committed 2176K, reserved 1048576K
}
Event: 982.309 GC heap before
{Heap before GC invocations=134 (full 11):
 garbage-first heap   total 79872K, used 67205K [0x00000006c0000000, 0x00000007c0000000)
  region size 1024K, 33 young (33792K), 1 survivors (1024K)
 Metaspace       used 21535K, capacity 21966K, committed 22144K, reserved 1069056K
  class space    used 1951K, capacity 2112K, committed 2176K, reserved 1048576K
}
Event: 982.310 GC heap after
{Heap after GC invocations=135 (full 11):
 garbage-first heap   total 79872K, used 35468K [0x00000006c0000000, 0x00000007c0000000)
  region size 1024K, 2 young (2048K), 2 survivors (2048K)
 Metaspace       used 21535K, capacity 21966K, committed 22144K, reserved 1069056K
  class space    used 1951K, capacity 2112K, committed 2176K, reserved 1048576K
}
Event: 1020.909 GC heap before
{Heap before GC invocations=135 (full 11):
 garbage-first heap   total 79872K, used 66188K [0x00000006c0000000, 0x00000007c0000000)
  region size 1024K, 32 young (32768K), 2 survivors (2048K)
 Metaspace       used 21542K, capacity 21966K, committed 22144K, reserved 1069056K
  class space    used 1951K, capacity 2112K, committed 2176K, reserved 1048576K
}
Event: 1020.912 GC heap after
{Heap after GC invocations=136 (full 11):
 garbage-first heap   total 79872K, used 32151K [0x00000006c0000000, 0x00000007c0000000)
  region size 1024K, 2 young (2048K), 2 survivors (2048K)
 Metaspace       used 21542K, capacity 21966K, committed 22144K, reserved 1069056K
  class space    used 1951K, capacity 2112K, committed 2176K, reserved 1048576K
}

