# JRE version: OpenJDK Runtime Environment Temurin-11.0.26+4 (11.0.26+4) (build 11.0.26+4)
# Java VM: OpenJDK 64-Bit Server VM Temurin-11.0.26+4 (11.0.26+4, mixed mode, tiered, compressed oops, g1 gc, bsd-aarch64)
Heap:
 garbage-first heap   total 58368K, used 27965K [0x00000006c0000000, 0x00000007c0000000)
  region size 1024K, 14 young (14336K), 0 survivors (0K)
 Metaspace       used 16617K, capacity 16906K, committed 17024K, reserved 1064960K
  class space    used 1515K, capacity 1640K, committed 1664K, reserved 1048576K
GC Heap History (20 events):
Event: 0.637 GC heap before
{Heap before GC invocations=15 (full 3):
 garbage-first heap   total 51200K, used 24232K [0x00000006c0000000, 0x00000007c0000000)
  region size 1024K, 10 young (10240K), 2 survivors (2048K)
 Metaspace       used 16085K, capacity 16458K, committed 16768K, reserved 1064960K
  class space    used 1513K, capacity 1640K, committed 1664K, reserved 1048576K
}
Event: 0.647 GC heap after
{Heap after GC invocations=16 (full 4):
 garbage-first heap   total 51200K, used 15665K [0x00000006c0000000, 0x00000007c0000000)
  region size 1024K, 0 young (0K), 0 survivors (0K)
 Metaspace       used 16085K, capacity 16458K, committed 16768K, reserved 1064960K
  class space    used 1513K, capacity 1640K, committed 1664K, reserved 1048576K
}
Event: 0.758 GC heap before
{Heap before GC invocations=16 (full 4):
 garbage-first heap   total 51200K, used 32049K [0x00000006c0000000, 0x00000007c0000000)
  region size 1024K, 17 young (17408K), 0 survivors (0K)
 Metaspace       used 16215K, capacity 16586K, committed 16768K, reserved 1064960K
  class space    used 1513K, capacity 1640K, committed 1664K, reserved 1048576K
}
Event: 0.759 GC heap after
{Heap after GC invocations=17 (full 4):
 garbage-first heap   total 51200K, used 16917K [0x00000006c0000000, 0x00000007c0000000)
  region size 1024K, 2 young (2048K), 2 survivors (2048K)
 Metaspace       used 16215K, capacity 16586K, committed 16768K, reserved 1064960K
  class space    used 1513K, capacity 1640K, committed 1664K, reserved 1048576K
}
Event: 0.814 GC heap before
{Heap before GC invocations=17 (full 4):
 garbage-first heap   total 51200K, used 31253K [0x00000006c0000000, 0x00000007c0000000)
  region size 1024K, 17 young (17408K), 2 survivors (2048K)
 Metaspace       used 16277K, capacity 16586K, committed 16768K, reserved 1064960K
  class space    used 1513K, capacity 1640K, committed 1664K, reserved 1048576K
}
Event: 0.815 GC heap after
{Heap after GC invocations=18 (full 4):
 garbage-first heap   total 51200K, used 17976K [0x00000006c0000000, 0x00000007c0000000)
  region size 1024K, 3 young (3072K), 3 survivors (3072K)
 Metaspace       used 16277K, capacity 16586K, committed 16768K, reserved 1064960K
  class space    used 1513K, capacity 1640K, committed 1664K, reserved 1048576K
}
Event: 0.968 GC heap before
{Heap before GC invocations=18 (full 4):
 garbage-first heap   total 51200K, used 33336K [0x00000006c0000000, 0x00000007c0000000)
  region size 1024K, 19 young (19456K), 3 survivors (3072K)
 Metaspace       used 16332K, capacity 16714K, committed 17024K, reserved 1064960K
  class space    used 1513K, capacity 1640K, committed 1664K, reserved 1048576K
}
Event: 0.983 GC heap after
{Heap after GC invocations=19 (full 4):
 garbage-first heap   total 156672K, used 19510K [0x00000006c0000000, 0x00000007c0000000)
  region size 1024K, 3 young (3072K), 3 survivors (3072K)
 Metaspace       used 16332K, capacity 16714K, committed 17024K, reserved 1064960K
  class space    used 1513K, capacity 1640K, committed 1664K, reserved 1048576K
}
Event: 1.024 GC heap before
{Heap before GC invocations=19 (full 4):
 garbage-first heap   total 156672K, used 23606K [0x00000006c0000000, 0x00000007c0000000)
  region size 1024K, 8 young (8192K), 3 survivors (3072K)
 Metaspace       used 16357K, capacity 16714K, committed 17024K, reserved 1064960K
  class space    used 1513K, capacity 1640K, committed 1664K, reserved 1048576K
}
Event: 1.032 GC heap after
{Heap after GC invocations=20 (full 5):
 garbage-first heap   total 55296K, used 14531K [0x00000006c0000000, 0x00000007c0000000)
  region size 1024K, 0 young (0K), 0 survivors (0K)
 Metaspace       used 16357K, capacity 16714K, committed 17024K, reserved 1064960K
  class space    used 1513K, capacity 1640K, committed 1664K, reserved 1048576K
}
Event: 1.247 GC heap before
{Heap before GC invocations=20 (full 5):
 garbage-first heap   total 55296K, used 36035K [0x00000006c0000000, 0x00000007c0000000)
  region size 1024K, 22 young (22528K), 0 survivors (0K)
 Metaspace       used 16412K, capacity 16714K, committed 17024K, reserved 1064960K
  class space    used 1513K, capacity 1640K, committed 1664K, reserved 1048576K
}
Event: 1.250 GC heap after
{Heap after GC invocations=21 (full 5):
 garbage-first heap   total 55296K, used 18365K [0x00000006c0000000, 0x00000007c0000000)
  region size 1024K, 3 young (3072K), 3 survivors (3072K)
 Metaspace       used 16412K, capacity 16714K, committed 17024K, reserved 1064960K
  class space    used 1513K, capacity 1640K, committed 1664K, reserved 1048576K
}
Event: 1.348 GC heap before
{Heap before GC invocations=21 (full 5):
 garbage-first heap   total 55296K, used 36797K [0x00000006c0000000, 0x00000007c0000000)
  region size 1024K, 21 young (21504K), 3 survivors (3072K)
 Metaspace       used 16467K, capacity 16842K, committed 17024K, reserved 1064960K
  class space    used 1514K, capacity 1640K, committed 1664K, reserved 1048576K
}
Event: 1.353 GC heap after
{Heap after GC invocations=22 (full 5):
 garbage-first heap   total 55296K, used 17821K [0x00000006c0000000, 0x00000007c0000000)
  region size 1024K, 2 young (2048K), 2 survivors (2048K)
 Metaspace       used 16467K, capacity 16842K, committed 17024K, reserved 1064960K
  class space    used 1514K, capacity 1640K, committed 1664K, reserved 1048576K
}
Event: 1.435 GC heap before
{Heap before GC invocations=22 (full 5):
 garbage-first heap   total 55296K, used 36253K [0x00000006c0000000, 0x00000007c0000000)
  region size 1024K, 21 young (21504K), 2 survivors (2048K)
 Metaspace       used 16489K, capacity 16842K, committed 17024K, reserved 1064960K
  class space    used 1514K, capacity 1640K, committed 1664K, reserved 1048576K
}
Event: 1.440 GC heap after
{Heap after GC invocations=23 (full 5):
 garbage-first heap   total 55296K, used 20529K [0x00000006c0000000, 0x00000007c0000000)
  region size 1024K, 3 young (3072K), 3 survivors (3072K)
 Metaspace       used 16489K, capacity 16842K, committed 17024K, reserved 1064960K
  class space    used 1514K, capacity 1640K, committed 1664K, reserved 1048576K
}
Event: 1.540 GC heap before
{Heap before GC invocations=23 (full 5):
 garbage-first heap   total 55296K, used 36913K [0x00000006c0000000, 0x00000007c0000000)
  region size 1024K, 20 young (20480K), 3 survivors (3072K)
 Metaspace       used 16559K, capacity 16906K, committed 17024K, reserved 1064960K
  class space    used 1514K, capacity 1640K, committed 1664K, reserved 1048576K
}
Event: 1.542 GC heap after
{Heap after GC invocations=24 (full 5):
 garbage-first heap   total 158720K, used 19833K [0x00000006c0000000, 0x00000007c0000000)
  region size 1024K, 2 young (2048K), 2 survivors (2048K)
 Metaspace       used 16559K, capacity 16906K, committed 17024K, reserved 1064960K
  class space    used 1514K, capacity 1640K, committed 1664K, reserved 1048576K
}
Event: 1.606 GC heap before
{Heap before GC invocations=24 (full 5):
 garbage-first heap   total 158720K, used 34169K [0x00000006c0000000, 0x00000007c0000000)
  region size 1024K, 17 young (17408K), 2 survivors (2048K)
 Metaspace       used 16587K, capacity 16906K, committed 17024K, reserved 1064960K
  class space    used 1514K, capacity 1640K, committed 1664K, reserved 1048576K
}
Event: 1.619 GC heap after
{Heap after GC invocations=25 (full 6):
 garbage-first heap   total 58368K, used 14653K [0x00000006c0000000, 0x00000007c0000000)
  region size 1024K, 0 young (0K), 0 survivors (0K)
 Metaspace       used 16587K, capacity 16906K, committed 17024K, reserved 1064960K
  class space    used 1514K, capacity 1640K, committed 1664K, reserved 1048576K
}

