# JRE version: OpenJDK Runtime Environment Temurin-11.0.26+4 (11.0.26+4) (build 11.0.26+4)
# Java VM: OpenJDK 64-Bit Server VM Temurin-11.0.26+4 (11.0.26+4, mixed mode, tiered, compressed oops, g1 gc, bsd-aarch64)
Heap:
 garbage-first heap   total 155648K, used 91318K [0x00000006c0000000, 0x00000007c0000000)
  region size 1024K, 74 young (75776K), 3 survivors (3072K)
 Metaspace       used 16603K, capacity 16906K, committed 17280K, reserved 1064960K
  class space    used 1515K, capacity 1640K, committed 1664K, reserved 1048576K
GC Heap History (20 events):
Event: 0.360 GC heap before
{Heap before GC invocations=8 (full 2):
 garbage-first heap   total 27648K, used 15699K [0x00000006c0000000, 0x00000007c0000000)
  region size 1024K, 9 young (9216K), 0 survivors (0K)
 Metaspace       used 12066K, capacity 12375K, committed 12672K, reserved 1060864K
  class space    used 1140K, capacity 1285K, committed 1408K, reserved 1048576K
}
Event: 0.362 GC heap after
{Heap after GC invocations=9 (full 2):
 garbage-first heap   total 27648K, used 10873K [0x00000006c0000000, 0x00000007c0000000)
  region size 1024K, 2 young (2048K), 2 survivors (2048K)
 Metaspace       used 12066K, capacity 12375K, committed 12672K, reserved 1060864K
  class space    used 1140K, capacity 1285K, committed 1408K, reserved 1048576K
}
Event: 0.393 GC heap before
{Heap before GC invocations=9 (full 2):
 garbage-first heap   total 27648K, used 17017K [0x00000006c0000000, 0x00000007c0000000)
  region size 1024K, 8 young (8192K), 2 survivors (2048K)
 Metaspace       used 12373K, capacity 12697K, committed 12928K, reserved 1060864K
  class space    used 1150K, capacity 1285K, committed 1408K, reserved 1048576K
}
Event: 0.395 GC heap after
{Heap after GC invocations=10 (full 2):
 garbage-first heap   total 27648K, used 12986K [0x00000006c0000000, 0x00000007c0000000)
  region size 1024K, 1 young (1024K), 1 survivors (1024K)
 Metaspace       used 12373K, capacity 12697K, committed 12928K, reserved 1060864K
  class space    used 1150K, capacity 1285K, committed 1408K, reserved 1048576K
}
Event: 0.396 GC heap before
{Heap before GC invocations=10 (full 2):
 garbage-first heap   total 27648K, used 12986K [0x00000006c0000000, 0x00000007c0000000)
  region size 1024K, 2 young (2048K), 1 survivors (1024K)
 Metaspace       used 12376K, capacity 12697K, committed 12928K, reserved 1060864K
  class space    used 1150K, capacity 1285K, committed 1408K, reserved 1048576K
}
Event: 0.403 GC heap after
{Heap after GC invocations=11 (full 3):
 garbage-first heap   total 27648K, used 12804K [0x00000006c0000000, 0x00000007c0000000)
  region size 1024K, 0 young (0K), 0 survivors (0K)
 Metaspace       used 12376K, capacity 12697K, committed 12928K, reserved 1060864K
  class space    used 1150K, capacity 1285K, committed 1408K, reserved 1048576K
}
Event: 0.462 GC heap before
{Heap before GC invocations=11 (full 3):
 garbage-first heap   total 27648K, used 17924K [0x00000006c0000000, 0x00000007c0000000)
  region size 1024K, 6 young (6144K), 0 survivors (0K)
 Metaspace       used 14360K, capacity 14695K, committed 14848K, reserved 1062912K
  class space    used 1344K, capacity 1479K, committed 1536K, reserved 1048576K
}
Event: 0.463 GC heap after
{Heap after GC invocations=12 (full 3):
 garbage-first heap   total 27648K, used 13478K [0x00000006c0000000, 0x00000007c0000000)
  region size 1024K, 1 young (1024K), 1 survivors (1024K)
 Metaspace       used 14360K, capacity 14695K, committed 14848K, reserved 1062912K
  class space    used 1344K, capacity 1479K, committed 1536K, reserved 1048576K
}
Event: 0.504 GC heap before
{Heap before GC invocations=13 (full 3):
 garbage-first heap   total 27648K, used 19622K [0x00000006c0000000, 0x00000007c0000000)
  region size 1024K, 7 young (7168K), 1 survivors (1024K)
 Metaspace       used 15218K, capacity 15559K, committed 15744K, reserved 1062912K
  class space    used 1441K, capacity 1575K, committed 1664K, reserved 1048576K
}
Event: 0.505 GC heap after
{Heap after GC invocations=14 (full 3):
 garbage-first heap   total 145408K, used 14372K [0x00000006c0000000, 0x00000007c0000000)
  region size 1024K, 1 young (1024K), 1 survivors (1024K)
 Metaspace       used 15218K, capacity 15559K, committed 15744K, reserved 1062912K
  class space    used 1441K, capacity 1575K, committed 1664K, reserved 1048576K
}
Event: 0.968 GC heap before
{Heap before GC invocations=14 (full 3):
 garbage-first heap   total 145408K, used 77860K [0x00000006c0000000, 0x00000007c0000000)
  region size 1024K, 63 young (64512K), 1 survivors (1024K)
 Metaspace       used 16329K, capacity 16650K, committed 17024K, reserved 1064960K
  class space    used 1513K, capacity 1640K, committed 1664K, reserved 1048576K
}
Event: 0.971 GC heap after
{Heap after GC invocations=15 (full 3):
 garbage-first heap   total 145408K, used 21687K [0x00000006c0000000, 0x00000007c0000000)
  region size 1024K, 8 young (8192K), 8 survivors (8192K)
 Metaspace       used 16329K, capacity 16650K, committed 17024K, reserved 1064960K
  class space    used 1513K, capacity 1640K, committed 1664K, reserved 1048576K
}
Event: 1.032 GC heap before
{Heap before GC invocations=15 (full 3):
 garbage-first heap   total 145408K, used 25783K [0x00000006c0000000, 0x00000007c0000000)
  region size 1024K, 13 young (13312K), 8 survivors (8192K)
 Metaspace       used 16358K, capacity 16714K, committed 17024K, reserved 1064960K
  class space    used 1513K, capacity 1640K, committed 1664K, reserved 1048576K
}
Event: 1.041 GC heap after
{Heap after GC invocations=16 (full 4):
 garbage-first heap   total 48128K, used 13591K [0x00000006c0000000, 0x00000007c0000000)
  region size 1024K, 0 young (0K), 0 survivors (0K)
 Metaspace       used 16358K, capacity 16714K, committed 17024K, reserved 1064960K
  class space    used 1513K, capacity 1640K, committed 1664K, reserved 1048576K
}
Event: 1.317 GC heap before
{Heap before GC invocations=16 (full 4):
 garbage-first heap   total 48128K, used 28951K [0x00000006c0000000, 0x00000007c0000000)
  region size 1024K, 16 young (16384K), 0 survivors (0K)
 Metaspace       used 16395K, capacity 16714K, committed 17024K, reserved 1064960K
  class space    used 1513K, capacity 1640K, committed 1664K, reserved 1048576K
}
Event: 1.320 GC heap after
{Heap after GC invocations=17 (full 4):
 garbage-first heap   total 48128K, used 16333K [0x00000006c0000000, 0x00000007c0000000)
  region size 1024K, 2 young (2048K), 2 survivors (2048K)
 Metaspace       used 16395K, capacity 16714K, committed 17024K, reserved 1064960K
  class space    used 1513K, capacity 1640K, committed 1664K, reserved 1048576K
}
Event: 1.384 GC heap before
{Heap before GC invocations=17 (full 4):
 garbage-first heap   total 48128K, used 31693K [0x00000006c0000000, 0x00000007c0000000)
  region size 1024K, 17 young (17408K), 2 survivors (2048K)
 Metaspace       used 16427K, capacity 16714K, committed 17024K, reserved 1064960K
  class space    used 1513K, capacity 1640K, committed 1664K, reserved 1048576K
}
Event: 1.387 GC heap after
{Heap after GC invocations=18 (full 4):
 garbage-first heap   total 48128K, used 18247K [0x00000006c0000000, 0x00000007c0000000)
  region size 1024K, 3 young (3072K), 3 survivors (3072K)
 Metaspace       used 16427K, capacity 16714K, committed 17024K, reserved 1064960K
  class space    used 1513K, capacity 1640K, committed 1664K, reserved 1048576K
}
Event: 1.477 GC heap before
{Heap before GC invocations=18 (full 4):
 garbage-first heap   total 48128K, used 31559K [0x00000006c0000000, 0x00000007c0000000)
  region size 1024K, 17 young (17408K), 3 survivors (3072K)
 Metaspace       used 16455K, capacity 16778K, committed 17024K, reserved 1064960K
  class space    used 1514K, capacity 1640K, committed 1664K, reserved 1048576K
}
Event: 1.481 GC heap after
{Heap after GC invocations=19 (full 4):
 garbage-first heap   total 155648K, used 19638K [0x00000006c0000000, 0x00000007c0000000)
  region size 1024K, 3 young (3072K), 3 survivors (3072K)
 Metaspace       used 16455K, capacity 16778K, committed 17024K, reserved 1064960K
  class space    used 1514K, capacity 1640K, committed 1664K, reserved 1048576K
}

