# JRE version: OpenJDK Runtime Environment Temurin-11.0.26+4 (11.0.26+4) (build 11.0.26+4)
# Java VM: OpenJDK 64-Bit Server VM Temurin-11.0.26+4 (11.0.26+4, mixed mode, tiered, compressed oops, g1 gc, bsd-aarch64)
Heap:
 garbage-first heap   total 51200K, used 13627K [0x00000006c0000000, 0x00000007c0000000)
  region size 1024K, 1 young (1024K), 0 survivors (0K)
 Metaspace       used 16581K, capacity 16906K, committed 17024K, reserved 1064960K
  class space    used 1515K, capacity 1640K, committed 1664K, reserved 1048576K
GC Heap History (20 events):
Event: 0.235 GC heap before
{Heap before GC invocations=4 (full 1):
 garbage-first heap   total 24576K, used 12078K [0x00000006c0000000, 0x00000007c0000000)
  region size 1024K, 9 young (9216K), 2 survivors (2048K)
 Metaspace       used 8139K, capacity 8345K, committed 8576K, reserved 1056768K
  class space    used 748K, capacity 825K, committed 896K, reserved 1048576K
}
Event: 0.236 GC heap after
{Heap after GC invocations=5 (full 1):
 garbage-first heap   total 24576K, used 5617K [0x00000006c0000000, 0x00000007c0000000)
  region size 1024K, 2 young (2048K), 2 survivors (2048K)
 Metaspace       used 8139K, capacity 8345K, committed 8576K, reserved 1056768K
  class space    used 748K, capacity 825K, committed 896K, reserved 1048576K
}
Event: 0.242 GC heap before
{Heap before GC invocations=5 (full 1):
 garbage-first heap   total 24576K, used 12785K [0x00000006c0000000, 0x00000007c0000000)
  region size 1024K, 9 young (9216K), 2 survivors (2048K)
 Metaspace       used 8177K, capacity 8411K, committed 8576K, reserved 1056768K
  class space    used 748K, capacity 825K, committed 896K, reserved 1048576K
}
Event: 0.243 GC heap after
{Heap after GC invocations=6 (full 1):
 garbage-first heap   total 24576K, used 6613K [0x00000006c0000000, 0x00000007c0000000)
  region size 1024K, 2 young (2048K), 2 survivors (2048K)
 Metaspace       used 8177K, capacity 8411K, committed 8576K, reserved 1056768K
  class space    used 748K, capacity 825K, committed 896K, reserved 1048576K
}
Event: 0.387 GC heap before
{Heap before GC invocations=6 (full 1):
 garbage-first heap   total 24576K, used 7637K [0x00000006c0000000, 0x00000007c0000000)
  region size 1024K, 4 young (4096K), 2 survivors (2048K)
 Metaspace       used 8703K, capacity 8992K, committed 9216K, reserved 1056768K
  class space    used 810K, capacity 917K, committed 1024K, reserved 1048576K
}
Event: 0.389 GC heap after
{Heap after GC invocations=7 (full 1):
 garbage-first heap   total 143360K, used 6894K [0x00000006c0000000, 0x00000007c0000000)
  region size 1024K, 1 young (1024K), 1 survivors (1024K)
 Metaspace       used 8703K, capacity 8992K, committed 9216K, reserved 1056768K
  class space    used 810K, capacity 917K, committed 1024K, reserved 1048576K
}
Event: 0.881 GC heap before
{Heap before GC invocations=8 (full 1):
 garbage-first heap   total 143360K, used 60142K [0x00000006c0000000, 0x00000007c0000000)
  region size 1024K, 52 young (53248K), 1 survivors (1024K)
 Metaspace       used 16168K, capacity 16522K, committed 16768K, reserved 1064960K
  class space    used 1513K, capacity 1640K, committed 1664K, reserved 1048576K
}
Event: 0.884 GC heap after
{Heap after GC invocations=9 (full 1):
 garbage-first heap   total 143360K, used 16886K [0x00000006c0000000, 0x00000007c0000000)
  region size 1024K, 7 young (7168K), 7 survivors (7168K)
 Metaspace       used 16168K, capacity 16522K, committed 16768K, reserved 1064960K
  class space    used 1513K, capacity 1640K, committed 1664K, reserved 1048576K
}
Event: 0.960 GC heap before
{Heap before GC invocations=9 (full 1):
 garbage-first heap   total 143360K, used 24054K [0x00000006c0000000, 0x00000007c0000000)
  region size 1024K, 15 young (15360K), 7 survivors (7168K)
 Metaspace       used 16204K, capacity 16522K, committed 16768K, reserved 1064960K
  class space    used 1513K, capacity 1640K, committed 1664K, reserved 1048576K
}
Event: 0.967 GC heap after
{Heap after GC invocations=10 (full 2):
 garbage-first heap   total 51200K, used 12786K [0x00000006c0000000, 0x00000007c0000000)
  region size 1024K, 0 young (0K), 0 survivors (0K)
 Metaspace       used 16204K, capacity 16522K, committed 16768K, reserved 1064960K
  class space    used 1513K, capacity 1640K, committed 1664K, reserved 1048576K
}
Event: 1.112 GC heap before
{Heap before GC invocations=10 (full 2):
 garbage-first heap   total 51200K, used 32242K [0x00000006c0000000, 0x00000007c0000000)
  region size 1024K, 19 young (19456K), 0 survivors (0K)
 Metaspace       used 16277K, capacity 16586K, committed 16768K, reserved 1064960K
  class space    used 1513K, capacity 1640K, committed 1664K, reserved 1048576K
}
Event: 1.114 GC heap after
{Heap after GC invocations=11 (full 2):
 garbage-first heap   total 51200K, used 16485K [0x00000006c0000000, 0x00000007c0000000)
  region size 1024K, 3 young (3072K), 3 survivors (3072K)
 Metaspace       used 16277K, capacity 16586K, committed 16768K, reserved 1064960K
  class space    used 1513K, capacity 1640K, committed 1664K, reserved 1048576K
}
Event: 1.342 GC heap before
{Heap before GC invocations=11 (full 2):
 garbage-first heap   total 51200K, used 32869K [0x00000006c0000000, 0x00000007c0000000)
  region size 1024K, 20 young (20480K), 3 survivors (3072K)
 Metaspace       used 16332K, capacity 16714K, committed 17024K, reserved 1064960K
  class space    used 1513K, capacity 1640K, committed 1664K, reserved 1048576K
}
Event: 1.343 GC heap after
{Heap after GC invocations=12 (full 2):
 garbage-first heap   total 51200K, used 16503K [0x00000006c0000000, 0x00000007c0000000)
  region size 1024K, 2 young (2048K), 2 survivors (2048K)
 Metaspace       used 16332K, capacity 16714K, committed 17024K, reserved 1064960K
  class space    used 1513K, capacity 1640K, committed 1664K, reserved 1048576K
}
Event: 1.510 GC heap before
{Heap before GC invocations=12 (full 2):
 garbage-first heap   total 51200K, used 32887K [0x00000006c0000000, 0x00000007c0000000)
  region size 1024K, 19 young (19456K), 2 survivors (2048K)
 Metaspace       used 16379K, capacity 16714K, committed 17024K, reserved 1064960K
  class space    used 1513K, capacity 1640K, committed 1664K, reserved 1048576K
}
Event: 1.511 GC heap after
{Heap after GC invocations=13 (full 2):
 garbage-first heap   total 156672K, used 18139K [0x00000006c0000000, 0x00000007c0000000)
  region size 1024K, 3 young (3072K), 3 survivors (3072K)
 Metaspace       used 16379K, capacity 16714K, committed 17024K, reserved 1064960K
  class space    used 1513K, capacity 1640K, committed 1664K, reserved 1048576K
}
Event: 1.776 GC heap before
{Heap before GC invocations=13 (full 2):
 garbage-first heap   total 156672K, used 92891K [0x00000006c0000000, 0x00000007c0000000)
  region size 1024K, 76 young (77824K), 3 survivors (3072K)
 Metaspace       used 16560K, capacity 16906K, committed 17024K, reserved 1064960K
  class space    used 1514K, capacity 1640K, committed 1664K, reserved 1048576K
}
Event: 1.778 GC heap after
{Heap after GC invocations=14 (full 2):
 garbage-first heap   total 156672K, used 23013K [0x00000006c0000000, 0x00000007c0000000)
  region size 1024K, 8 young (8192K), 8 survivors (8192K)
 Metaspace       used 16560K, capacity 16906K, committed 17024K, reserved 1064960K
  class space    used 1514K, capacity 1640K, committed 1664K, reserved 1048576K
}
Event: 1.890 GC heap before
{Heap before GC invocations=14 (full 2):
 garbage-first heap   total 156672K, used 35301K [0x00000006c0000000, 0x00000007c0000000)
  region size 1024K, 21 young (21504K), 8 survivors (8192K)
 Metaspace       used 16578K, capacity 16906K, committed 17024K, reserved 1064960K
  class space    used 1514K, capacity 1640K, committed 1664K, reserved 1048576K
}
Event: 1.906 GC heap after
{Heap after GC invocations=15 (full 3):
 garbage-first heap   total 51200K, used 13627K [0x00000006c0000000, 0x00000007c0000000)
  region size 1024K, 0 young (0K), 0 survivors (0K)
 Metaspace       used 16578K, capacity 16906K, committed 17024K, reserved 1064960K
  class space    used 1514K, capacity 1640K, committed 1664K, reserved 1048576K
}

