# JRE version: OpenJDK Runtime Environment Temurin-11.0.26+4 (11.0.26+4) (build 11.0.26+4)
# Java VM: OpenJDK 64-Bit Server VM Temurin-11.0.26+4 (11.0.26+4, mixed mode, tiered, compressed oops, g1 gc, bsd-aarch64)
Heap:
 garbage-first heap   total 161792K, used 43079K [0x00000006c0000000, 0x00000007c0000000)
  region size 1024K, 24 young (24576K), 3 survivors (3072K)
 Metaspace       used 16609K, capacity 16906K, committed 17024K, reserved 1064960K
  class space    used 1515K, capacity 1640K, committed 1664K, reserved 1048576K
GC Heap History (20 events):
Event: 0.614 GC heap before
{Heap before GC invocations=14 (full 3):
 garbage-first heap   total 51200K, used 25658K [0x00000006c0000000, 0x00000007c0000000)
  region size 1024K, 12 young (12288K), 0 survivors (0K)
 Metaspace       used 15876K, capacity 16202K, committed 16256K, reserved 1064960K
  class space    used 1511K, capacity 1640K, committed 1664K, reserved 1048576K
}
Event: 0.615 GC heap after
{Heap after GC invocations=15 (full 3):
 garbage-first heap   total 51200K, used 16778K [0x00000006c0000000, 0x00000007c0000000)
  region size 1024K, 2 young (2048K), 2 survivors (2048K)
 Metaspace       used 15876K, capacity 16202K, committed 16256K, reserved 1064960K
  class space    used 1511K, capacity 1640K, committed 1664K, reserved 1048576K
}
Event: 0.649 GC heap before
{Heap before GC invocations=15 (full 3):
 garbage-first heap   total 51200K, used 24970K [0x00000006c0000000, 0x00000007c0000000)
  region size 1024K, 11 young (11264K), 2 survivors (2048K)
 Metaspace       used 16055K, capacity 16394K, committed 16512K, reserved 1064960K
  class space    used 1513K, capacity 1640K, committed 1664K, reserved 1048576K
}
Event: 0.660 GC heap after
{Heap after GC invocations=16 (full 4):
 garbage-first heap   total 51200K, used 16704K [0x00000006c0000000, 0x00000007c0000000)
  region size 1024K, 0 young (0K), 0 survivors (0K)
 Metaspace       used 16055K, capacity 16394K, committed 16512K, reserved 1064960K
  class space    used 1513K, capacity 1640K, committed 1664K, reserved 1048576K
}
Event: 0.740 GC heap before
{Heap before GC invocations=16 (full 4):
 garbage-first heap   total 51200K, used 31040K [0x00000006c0000000, 0x00000007c0000000)
  region size 1024K, 15 young (15360K), 0 survivors (0K)
 Metaspace       used 16171K, capacity 16458K, committed 16512K, reserved 1064960K
  class space    used 1513K, capacity 1640K, committed 1664K, reserved 1048576K
}
Event: 0.742 GC heap after
{Heap after GC invocations=17 (full 4):
 garbage-first heap   total 51200K, used 20428K [0x00000006c0000000, 0x00000007c0000000)
  region size 1024K, 2 young (2048K), 2 survivors (2048K)
 Metaspace       used 16171K, capacity 16458K, committed 16512K, reserved 1064960K
  class space    used 1513K, capacity 1640K, committed 1664K, reserved 1048576K
}
Event: 0.817 GC heap before
{Heap before GC invocations=17 (full 4):
 garbage-first heap   total 51200K, used 31692K [0x00000006c0000000, 0x00000007c0000000)
  region size 1024K, 14 young (14336K), 2 survivors (2048K)
 Metaspace       used 16245K, capacity 16586K, committed 16768K, reserved 1064960K
  class space    used 1513K, capacity 1640K, committed 1664K, reserved 1048576K
}
Event: 0.819 GC heap after
{Heap after GC invocations=18 (full 4):
 garbage-first heap   total 51200K, used 23672K [0x00000006c0000000, 0x00000007c0000000)
  region size 1024K, 2 young (2048K), 2 survivors (2048K)
 Metaspace       used 16245K, capacity 16586K, committed 16768K, reserved 1064960K
  class space    used 1513K, capacity 1640K, committed 1664K, reserved 1048576K
}
Event: 0.881 GC heap before
{Heap before GC invocations=18 (full 4):
 garbage-first heap   total 51200K, used 33912K [0x00000006c0000000, 0x00000007c0000000)
  region size 1024K, 12 young (12288K), 2 survivors (2048K)
 Metaspace       used 16286K, capacity 16586K, committed 16768K, reserved 1064960K
  class space    used 1513K, capacity 1640K, committed 1664K, reserved 1048576K
}
Event: 0.883 GC heap after
{Heap after GC invocations=19 (full 4):
 garbage-first heap   total 156672K, used 26362K [0x00000006c0000000, 0x00000007c0000000)
  region size 1024K, 2 young (2048K), 2 survivors (2048K)
 Metaspace       used 16286K, capacity 16586K, committed 16768K, reserved 1064960K
  class space    used 1513K, capacity 1640K, committed 1664K, reserved 1048576K
}
Event: 1.292 GC heap before
{Heap before GC invocations=19 (full 4):
 garbage-first heap   total 156672K, used 76538K [0x00000006c0000000, 0x00000007c0000000)
  region size 1024K, 51 young (52224K), 2 survivors (2048K)
 Metaspace       used 16439K, capacity 16714K, committed 16768K, reserved 1064960K
  class space    used 1514K, capacity 1640K, committed 1664K, reserved 1048576K
}
Event: 1.295 GC heap after
{Heap after GC invocations=20 (full 4):
 garbage-first heap   total 156672K, used 31748K [0x00000006c0000000, 0x00000007c0000000)
  region size 1024K, 7 young (7168K), 7 survivors (7168K)
 Metaspace       used 16439K, capacity 16714K, committed 16768K, reserved 1064960K
  class space    used 1514K, capacity 1640K, committed 1664K, reserved 1048576K
}
Event: 1.330 GC heap before
{Heap before GC invocations=20 (full 4):
 garbage-first heap   total 156672K, used 36868K [0x00000006c0000000, 0x00000007c0000000)
  region size 1024K, 13 young (13312K), 7 survivors (7168K)
 Metaspace       used 16459K, capacity 16778K, committed 17024K, reserved 1064960K
  class space    used 1514K, capacity 1640K, committed 1664K, reserved 1048576K
}
Event: 1.338 GC heap after
{Heap after GC invocations=21 (full 5):
 garbage-first heap   total 61440K, used 15998K [0x00000006c0000000, 0x00000007c0000000)
  region size 1024K, 0 young (0K), 0 survivors (0K)
 Metaspace       used 16459K, capacity 16778K, committed 17024K, reserved 1064960K
  class space    used 1514K, capacity 1640K, committed 1664K, reserved 1048576K
}
Event: 1.438 GC heap before
{Heap before GC invocations=21 (full 5):
 garbage-first heap   total 61440K, used 35454K [0x00000006c0000000, 0x00000007c0000000)
  region size 1024K, 20 young (20480K), 0 survivors (0K)
 Metaspace       used 16486K, capacity 16842K, committed 17024K, reserved 1064960K
  class space    used 1514K, capacity 1640K, committed 1664K, reserved 1048576K
}
Event: 1.440 GC heap after
{Heap after GC invocations=22 (full 5):
 garbage-first heap   total 61440K, used 20203K [0x00000006c0000000, 0x00000007c0000000)
  region size 1024K, 3 young (3072K), 3 survivors (3072K)
 Metaspace       used 16486K, capacity 16842K, committed 17024K, reserved 1064960K
  class space    used 1514K, capacity 1640K, committed 1664K, reserved 1048576K
}
Event: 1.526 GC heap before
{Heap before GC invocations=22 (full 5):
 garbage-first heap   total 61440K, used 36587K [0x00000006c0000000, 0x00000007c0000000)
  region size 1024K, 20 young (20480K), 3 survivors (3072K)
 Metaspace       used 16557K, capacity 16906K, committed 17024K, reserved 1064960K
  class space    used 1514K, capacity 1640K, committed 1664K, reserved 1048576K
}
Event: 1.528 GC heap after
{Heap after GC invocations=23 (full 5):
 garbage-first heap   total 61440K, used 21010K [0x00000006c0000000, 0x00000007c0000000)
  region size 1024K, 2 young (2048K), 2 survivors (2048K)
 Metaspace       used 16557K, capacity 16906K, committed 17024K, reserved 1064960K
  class space    used 1514K, capacity 1640K, committed 1664K, reserved 1048576K
}
Event: 1.604 GC heap before
{Heap before GC invocations=23 (full 5):
 garbage-first heap   total 61440K, used 39442K [0x00000006c0000000, 0x00000007c0000000)
  region size 1024K, 20 young (20480K), 2 survivors (2048K)
 Metaspace       used 16578K, capacity 16906K, committed 17024K, reserved 1064960K
  class space    used 1514K, capacity 1640K, committed 1664K, reserved 1048576K
}
Event: 1.605 GC heap after
{Heap after GC invocations=24 (full 5):
 garbage-first heap   total 161792K, used 22599K [0x00000006c0000000, 0x00000007c0000000)
  region size 1024K, 3 young (3072K), 3 survivors (3072K)
 Metaspace       used 16578K, capacity 16906K, committed 17024K, reserved 1064960K
  class space    used 1514K, capacity 1640K, committed 1664K, reserved 1048576K
}

