# JRE version: OpenJDK Runtime Environment Temurin-11.0.26+4 (11.0.26+4) (build 11.0.26+4)
# Java VM: OpenJDK 64-Bit Server VM Temurin-11.0.26+4 (11.0.26+4, mixed mode, tiered, compressed oops, g1 gc, bsd-aarch64)
Heap:
 garbage-first heap   total 55296K, used 14599K [0x00000006c0000000, 0x00000007c0000000)
  region size 1024K, 1 young (1024K), 0 survivors (0K)
 Metaspace       used 16599K, capacity 16906K, committed 17024K, reserved 1064960K
  class space    used 1515K, capacity 1640K, committed 1664K, reserved 1048576K
GC Heap History (20 events):
Event: 0.271 GC heap before
{Heap before GC invocations=5 (full 1):
 garbage-first heap   total 20480K, used 11244K [0x00000006c0000000, 0x00000007c0000000)
  region size 1024K, 7 young (7168K), 1 survivors (1024K)
 Metaspace       used 8143K, capacity 8345K, committed 8576K, reserved 1056768K
  class space    used 748K, capacity 825K, committed 896K, reserved 1048576K
}
Event: 0.272 GC heap after
{Heap after GC invocations=6 (full 1):
 garbage-first heap   total 20480K, used 5779K [0x00000006c0000000, 0x00000007c0000000)
  region size 1024K, 1 young (1024K), 1 survivors (1024K)
 Metaspace       used 8143K, capacity 8345K, committed 8576K, reserved 1056768K
  class space    used 748K, capacity 825K, committed 896K, reserved 1048576K
}
Event: 0.277 GC heap before
{Heap before GC invocations=6 (full 1):
 garbage-first heap   total 20480K, used 10899K [0x00000006c0000000, 0x00000007c0000000)
  region size 1024K, 6 young (6144K), 1 survivors (1024K)
 Metaspace       used 8170K, capacity 8411K, committed 8576K, reserved 1056768K
  class space    used 748K, capacity 825K, committed 896K, reserved 1048576K
}
Event: 0.277 GC heap after
{Heap after GC invocations=7 (full 1):
 garbage-first heap   total 20480K, used 6368K [0x00000006c0000000, 0x00000007c0000000)
  region size 1024K, 1 young (1024K), 1 survivors (1024K)
 Metaspace       used 8170K, capacity 8411K, committed 8576K, reserved 1056768K
  class space    used 748K, capacity 825K, committed 896K, reserved 1048576K
}
Event: 0.420 GC heap before
{Heap before GC invocations=7 (full 1):
 garbage-first heap   total 20480K, used 10464K [0x00000006c0000000, 0x00000007c0000000)
  region size 1024K, 6 young (6144K), 1 survivors (1024K)
 Metaspace       used 8701K, capacity 8992K, committed 9216K, reserved 1056768K
  class space    used 810K, capacity 917K, committed 1024K, reserved 1048576K
}
Event: 0.422 GC heap after
{Heap after GC invocations=8 (full 1):
 garbage-first heap   total 141312K, used 7031K [0x00000006c0000000, 0x00000007c0000000)
  region size 1024K, 1 young (1024K), 1 survivors (1024K)
 Metaspace       used 8701K, capacity 8992K, committed 9216K, reserved 1056768K
  class space    used 810K, capacity 917K, committed 1024K, reserved 1048576K
}
Event: 0.917 GC heap before
{Heap before GC invocations=9 (full 1):
 garbage-first heap   total 141312K, used 60279K [0x00000006c0000000, 0x00000007c0000000)
  region size 1024K, 52 young (53248K), 1 survivors (1024K)
 Metaspace       used 16186K, capacity 16522K, committed 16768K, reserved 1064960K
  class space    used 1513K, capacity 1640K, committed 1664K, reserved 1048576K
}
Event: 0.921 GC heap after
{Heap after GC invocations=10 (full 1):
 garbage-first heap   total 141312K, used 17296K [0x00000006c0000000, 0x00000007c0000000)
  region size 1024K, 7 young (7168K), 7 survivors (7168K)
 Metaspace       used 16186K, capacity 16522K, committed 16768K, reserved 1064960K
  class space    used 1513K, capacity 1640K, committed 1664K, reserved 1048576K
}
Event: 0.995 GC heap before
{Heap before GC invocations=10 (full 1):
 garbage-first heap   total 141312K, used 24464K [0x00000006c0000000, 0x00000007c0000000)
  region size 1024K, 15 young (15360K), 7 survivors (7168K)
 Metaspace       used 16238K, capacity 16586K, committed 16768K, reserved 1064960K
  class space    used 1513K, capacity 1640K, committed 1664K, reserved 1048576K
}
Event: 1.004 GC heap after
{Heap after GC invocations=11 (full 2):
 garbage-first heap   total 51200K, used 12784K [0x00000006c0000000, 0x00000007c0000000)
  region size 1024K, 0 young (0K), 0 survivors (0K)
 Metaspace       used 16238K, capacity 16586K, committed 16768K, reserved 1064960K
  class space    used 1513K, capacity 1640K, committed 1664K, reserved 1048576K
}
Event: 1.156 GC heap before
{Heap before GC invocations=11 (full 2):
 garbage-first heap   total 51200K, used 32240K [0x00000006c0000000, 0x00000007c0000000)
  region size 1024K, 20 young (20480K), 0 survivors (0K)
 Metaspace       used 16296K, capacity 16586K, committed 16768K, reserved 1064960K
  class space    used 1513K, capacity 1640K, committed 1664K, reserved 1048576K
}
Event: 1.158 GC heap after
{Heap after GC invocations=12 (full 2):
 garbage-first heap   total 51200K, used 16764K [0x00000006c0000000, 0x00000007c0000000)
  region size 1024K, 3 young (3072K), 3 survivors (3072K)
 Metaspace       used 16296K, capacity 16586K, committed 16768K, reserved 1064960K
  class space    used 1513K, capacity 1640K, committed 1664K, reserved 1048576K
}
Event: 1.367 GC heap before
{Heap before GC invocations=12 (full 2):
 garbage-first heap   total 51200K, used 33148K [0x00000006c0000000, 0x00000007c0000000)
  region size 1024K, 20 young (20480K), 3 survivors (3072K)
 Metaspace       used 16369K, capacity 16714K, committed 16768K, reserved 1064960K
  class space    used 1513K, capacity 1640K, committed 1664K, reserved 1048576K
}
Event: 1.370 GC heap after
{Heap after GC invocations=13 (full 2):
 garbage-first heap   total 51200K, used 16746K [0x00000006c0000000, 0x00000007c0000000)
  region size 1024K, 2 young (2048K), 2 survivors (2048K)
 Metaspace       used 16369K, capacity 16714K, committed 16768K, reserved 1064960K
  class space    used 1513K, capacity 1640K, committed 1664K, reserved 1048576K
}
Event: 1.580 GC heap before
{Heap before GC invocations=13 (full 2):
 garbage-first heap   total 51200K, used 34154K [0x00000006c0000000, 0x00000007c0000000)
  region size 1024K, 19 young (19456K), 2 survivors (2048K)
 Metaspace       used 16407K, capacity 16714K, committed 16768K, reserved 1064960K
  class space    used 1513K, capacity 1640K, committed 1664K, reserved 1048576K
}
Event: 1.582 GC heap after
{Heap after GC invocations=14 (full 2):
 garbage-first heap   total 156672K, used 18426K [0x00000006c0000000, 0x00000007c0000000)
  region size 1024K, 3 young (3072K), 3 survivors (3072K)
 Metaspace       used 16407K, capacity 16714K, committed 16768K, reserved 1064960K
  class space    used 1513K, capacity 1640K, committed 1664K, reserved 1048576K
}
Event: 1.877 GC heap before
{Heap before GC invocations=14 (full 2):
 garbage-first heap   total 156672K, used 94202K [0x00000006c0000000, 0x00000007c0000000)
  region size 1024K, 77 young (78848K), 3 survivors (3072K)
 Metaspace       used 16571K, capacity 16906K, committed 17024K, reserved 1064960K
  class space    used 1514K, capacity 1640K, committed 1664K, reserved 1048576K
}
Event: 1.880 GC heap after
{Heap after GC invocations=15 (full 2):
 garbage-first heap   total 156672K, used 24014K [0x00000006c0000000, 0x00000007c0000000)
  region size 1024K, 9 young (9216K), 9 survivors (9216K)
 Metaspace       used 16571K, capacity 16906K, committed 17024K, reserved 1064960K
  class space    used 1514K, capacity 1640K, committed 1664K, reserved 1048576K
}
Event: 1.956 GC heap before
{Heap before GC invocations=15 (full 2):
 garbage-first heap   total 156672K, used 34254K [0x00000006c0000000, 0x00000007c0000000)
  region size 1024K, 20 young (20480K), 9 survivors (9216K)
 Metaspace       used 16596K, capacity 16906K, committed 17024K, reserved 1064960K
  class space    used 1514K, capacity 1640K, committed 1664K, reserved 1048576K
}
Event: 1.965 GC heap after
{Heap after GC invocations=16 (full 3):
 garbage-first heap   total 55296K, used 14599K [0x00000006c0000000, 0x00000007c0000000)
  region size 1024K, 0 young (0K), 0 survivors (0K)
 Metaspace       used 16596K, capacity 16906K, committed 17024K, reserved 1064960K
  class space    used 1514K, capacity 1640K, committed 1664K, reserved 1048576K
}

