# JRE version: OpenJDK Runtime Environment Temurin-11.0.26+4 (11.0.26+4) (build 11.0.26+4)
# Java VM: OpenJDK 64-Bit Server VM Temurin-11.0.26+4 (11.0.26+4, mixed mode, tiered, compressed oops, g1 gc, bsd-aarch64)
Heap:
 garbage-first heap   total 55296K, used 15956K [0x00000006c0000000, 0x00000007c0000000)
  region size 1024K, 2 young (2048K), 0 survivors (0K)
 Metaspace       used 21407K, capacity 21775K, committed 21888K, reserved 1069056K
  class space    used 1951K, capacity 2112K, committed 2176K, reserved 1048576K
GC Heap History (20 events):
Event: 3.882 GC heap before
{Heap before GC invocations=89 (full 7):
 garbage-first heap   total 58368K, used 26739K [0x00000006c0000000, 0x00000007c0000000)
  region size 1024K, 4 young (4096K), 3 survivors (3072K)
 Metaspace       used 21267K, capacity 21646K, committed 21888K, reserved 1069056K
  class space    used 1951K, capacity 2112K, committed 2176K, reserved 1048576K
}
Event: 3.883 GC heap after
{Heap after GC invocations=90 (full 7):
 garbage-first heap   total 160768K, used 24063K [0x00000006c0000000, 0x00000007c0000000)
  region size 1024K, 1 young (1024K), 1 survivors (1024K)
 Metaspace       used 21267K, capacity 21646K, committed 21888K, reserved 1069056K
  class space    used 1951K, capacity 2112K, committed 2176K, reserved 1048576K
}
Event: 3.921 GC heap before
{Heap before GC invocations=91 (full 7):
 garbage-first heap   total 160768K, used 76287K [0x00000006c0000000, 0x00000007c0000000)
  region size 1024K, 52 young (53248K), 1 survivors (1024K)
 Metaspace       used 21277K, capacity 21646K, committed 21888K, reserved 1069056K
  class space    used 1951K, capacity 2112K, committed 2176K, reserved 1048576K
}
Event: 3.922 GC heap after
{Heap after GC invocations=92 (full 7):
 garbage-first heap   total 160768K, used 24266K [0x00000006c0000000, 0x00000007c0000000)
  region size 1024K, 1 young (1024K), 1 survivors (1024K)
 Metaspace       used 21277K, capacity 21646K, committed 21888K, reserved 1069056K
  class space    used 1951K, capacity 2112K, committed 2176K, reserved 1048576K
}
Event: 3.951 GC heap before
{Heap before GC invocations=92 (full 7):
 garbage-first heap   total 160768K, used 86730K [0x00000006c0000000, 0x00000007c0000000)
  region size 1024K, 59 young (60416K), 1 survivors (1024K)
 Metaspace       used 21293K, capacity 21710K, committed 21888K, reserved 1069056K
  class space    used 1951K, capacity 2112K, committed 2176K, reserved 1048576K
}
Event: 3.952 GC heap after
{Heap after GC invocations=93 (full 7):
 garbage-first heap   total 160768K, used 28087K [0x00000006c0000000, 0x00000007c0000000)
  region size 1024K, 2 young (2048K), 2 survivors (2048K)
 Metaspace       used 21293K, capacity 21710K, committed 21888K, reserved 1069056K
  class space    used 1951K, capacity 2112K, committed 2176K, reserved 1048576K
}
Event: 4.051 GC heap before
{Heap before GC invocations=93 (full 7):
 garbage-first heap   total 160768K, used 94647K [0x00000006c0000000, 0x00000007c0000000)
  region size 1024K, 64 young (65536K), 2 survivors (2048K)
 Metaspace       used 21315K, capacity 21710K, committed 21888K, reserved 1069056K
  class space    used 1951K, capacity 2112K, committed 2176K, reserved 1048576K
}
Event: 4.052 GC heap after
{Heap after GC invocations=94 (full 7):
 garbage-first heap   total 160768K, used 31443K [0x00000006c0000000, 0x00000007c0000000)
  region size 1024K, 5 young (5120K), 5 survivors (5120K)
 Metaspace       used 21315K, capacity 21710K, committed 21888K, reserved 1069056K
  class space    used 1951K, capacity 2112K, committed 2176K, reserved 1048576K
}
Event: 4.083 GC heap before
{Heap before GC invocations=94 (full 7):
 garbage-first heap   total 160768K, used 101075K [0x00000006c0000000, 0x00000007c0000000)
  region size 1024K, 70 young (71680K), 5 survivors (5120K)
 Metaspace       used 21320K, capacity 21710K, committed 21888K, reserved 1069056K
  class space    used 1951K, capacity 2112K, committed 2176K, reserved 1048576K
}
Event: 4.084 GC heap after
{Heap after GC invocations=95 (full 7):
 garbage-first heap   total 193536K, used 31911K [0x00000006c0000000, 0x00000007c0000000)
  region size 1024K, 5 young (5120K), 5 survivors (5120K)
 Metaspace       used 21320K, capacity 21710K, committed 21888K, reserved 1069056K
  class space    used 1951K, capacity 2112K, committed 2176K, reserved 1048576K
}
Event: 4.200 GC heap before
{Heap before GC invocations=95 (full 7):
 garbage-first heap   total 193536K, used 125095K [0x00000006c0000000, 0x00000007c0000000)
  region size 1024K, 93 young (95232K), 5 survivors (5120K)
 Metaspace       used 21352K, capacity 21774K, committed 21888K, reserved 1069056K
  class space    used 1951K, capacity 2112K, committed 2176K, reserved 1048576K
}
Event: 4.202 GC heap after
{Heap after GC invocations=96 (full 7):
 garbage-first heap   total 193536K, used 33056K [0x00000006c0000000, 0x00000007c0000000)
  region size 1024K, 6 young (6144K), 6 survivors (6144K)
 Metaspace       used 21352K, capacity 21774K, committed 21888K, reserved 1069056K
  class space    used 1951K, capacity 2112K, committed 2176K, reserved 1048576K
}
Event: 4.308 GC heap before
{Heap before GC invocations=96 (full 7):
 garbage-first heap   total 193536K, used 134432K [0x00000006c0000000, 0x00000007c0000000)
  region size 1024K, 99 young (101376K), 6 survivors (6144K)
 Metaspace       used 21377K, capacity 21774K, committed 21888K, reserved 1069056K
  class space    used 1951K, capacity 2112K, committed 2176K, reserved 1048576K
}
Event: 4.309 GC heap after
{Heap after GC invocations=97 (full 7):
 garbage-first heap   total 193536K, used 36478K [0x00000006c0000000, 0x00000007c0000000)
  region size 1024K, 7 young (7168K), 7 survivors (7168K)
 Metaspace       used 21377K, capacity 21774K, committed 21888K, reserved 1069056K
  class space    used 1951K, capacity 2112K, committed 2176K, reserved 1048576K
}
Event: 4.354 GC heap before
{Heap before GC invocations=97 (full 7):
 garbage-first heap   total 193536K, used 136830K [0x00000006c0000000, 0x00000007c0000000)
  region size 1024K, 102 young (104448K), 7 survivors (7168K)
 Metaspace       used 21382K, capacity 21774K, committed 21888K, reserved 1069056K
  class space    used 1951K, capacity 2112K, committed 2176K, reserved 1048576K
}
Event: 4.355 GC heap after
{Heap after GC invocations=98 (full 7):
 garbage-first heap   total 193536K, used 32939K [0x00000006c0000000, 0x00000007c0000000)
  region size 1024K, 6 young (6144K), 6 survivors (6144K)
 Metaspace       used 21382K, capacity 21774K, committed 21888K, reserved 1069056K
  class space    used 1951K, capacity 2112K, committed 2176K, reserved 1048576K
}
Event: 163.548 GC heap before
{Heap before GC invocations=98 (full 7):
 garbage-first heap   total 193536K, used 145579K [0x00000006c0000000, 0x00000007c0000000)
  region size 1024K, 110 young (112640K), 6 survivors (6144K)
 Metaspace       used 21403K, capacity 21775K, committed 21888K, reserved 1069056K
  class space    used 1951K, capacity 2112K, committed 2176K, reserved 1048576K
}
Event: 163.550 GC heap after
{Heap after GC invocations=99 (full 7):
 garbage-first heap   total 238592K, used 37050K [0x00000006c0000000, 0x00000007c0000000)
  region size 1024K, 7 young (7168K), 7 survivors (7168K)
 Metaspace       used 21403K, capacity 21775K, committed 21888K, reserved 1069056K
  class space    used 1951K, capacity 2112K, committed 2176K, reserved 1048576K
}
Event: 163.589 GC heap before
{Heap before GC invocations=99 (full 7):
 garbage-first heap   total 238592K, used 97466K [0x00000006c0000000, 0x00000007c0000000)
  region size 1024K, 67 young (68608K), 7 survivors (7168K)
 Metaspace       used 21405K, capacity 21775K, committed 21888K, reserved 1069056K
  class space    used 1951K, capacity 2112K, committed 2176K, reserved 1048576K
}
Event: 163.601 GC heap after
{Heap after GC invocations=100 (full 8):
 garbage-first heap   total 55296K, used 14932K [0x00000006c0000000, 0x00000007c0000000)
  region size 1024K, 0 young (0K), 0 survivors (0K)
 Metaspace       used 21405K, capacity 21775K, committed 21888K, reserved 1069056K
  class space    used 1951K, capacity 2112K, committed 2176K, reserved 1048576K
}

