# JRE version: OpenJDK Runtime Environment Temurin-11.0.26+4 (11.0.26+4) (build 11.0.26+4)
# Java VM: OpenJDK 64-Bit Server VM Temurin-11.0.26+4 (11.0.26+4, mixed mode, tiered, compressed oops, g1 gc, bsd-aarch64)
Heap:
 garbage-first heap   total 51200K, used 13818K [0x00000006c0000000, 0x00000007c0000000)
  region size 1024K, 1 young (1024K), 0 survivors (0K)
 Metaspace       used 20006K, capacity 20394K, committed 20608K, reserved 1067008K
  class space    used 1906K, capacity 2079K, committed 2176K, reserved 1048576K
GC Heap History (20 events):
Event: 73.980 GC heap before
{Heap before GC invocations=38 (full 5):
 garbage-first heap   total 49152K, used 39920K [0x00000006c0000000, 0x00000007c0000000)
  region size 1024K, 4 young (4096K), 1 survivors (1024K)
 Metaspace       used 19945K, capacity 20330K, committed 20608K, reserved 1067008K
  class space    used 1905K, capacity 2079K, committed 2176K, reserved 1048576K
}
Event: 73.980 GC heap after
{Heap after GC invocations=39 (full 5):
 garbage-first heap   total 49152K, used 36849K [0x00000006c0000000, 0x00000007c0000000)
  region size 1024K, 1 young (1024K), 1 survivors (1024K)
 Metaspace       used 19945K, capacity 20330K, committed 20608K, reserved 1067008K
  class space    used 1905K, capacity 2079K, committed 2176K, reserved 1048576K
}
Event: 73.985 GC heap before
{Heap before GC invocations=39 (full 5):
 garbage-first heap   total 49152K, used 37873K [0x00000006c0000000, 0x00000007c0000000)
  region size 1024K, 4 young (4096K), 1 survivors (1024K)
 Metaspace       used 19946K, capacity 20330K, committed 20608K, reserved 1067008K
  class space    used 1905K, capacity 2079K, committed 2176K, reserved 1048576K
}
Event: 73.986 GC heap after
{Heap after GC invocations=40 (full 5):
 garbage-first heap   total 49152K, used 34799K [0x00000006c0000000, 0x00000007c0000000)
  region size 1024K, 1 young (1024K), 1 survivors (1024K)
 Metaspace       used 19946K, capacity 20330K, committed 20608K, reserved 1067008K
  class space    used 1905K, capacity 2079K, committed 2176K, reserved 1048576K
}
Event: 73.993 GC heap before
{Heap before GC invocations=41 (full 5):
 garbage-first heap   total 49152K, used 38895K [0x00000006c0000000, 0x00000007c0000000)
  region size 1024K, 5 young (5120K), 1 survivors (1024K)
 Metaspace       used 19946K, capacity 20330K, committed 20608K, reserved 1067008K
  class space    used 1905K, capacity 2079K, committed 2176K, reserved 1048576K
}
Event: 73.994 GC heap after
{Heap after GC invocations=42 (full 5):
 garbage-first heap   total 49152K, used 34799K [0x00000006c0000000, 0x00000007c0000000)
  region size 1024K, 1 young (1024K), 1 survivors (1024K)
 Metaspace       used 19946K, capacity 20330K, committed 20608K, reserved 1067008K
  class space    used 1905K, capacity 2079K, committed 2176K, reserved 1048576K
}
Event: 73.996 GC heap before
{Heap before GC invocations=42 (full 5):
 garbage-first heap   total 49152K, used 38895K [0x00000006c0000000, 0x00000007c0000000)
  region size 1024K, 5 young (5120K), 1 survivors (1024K)
 Metaspace       used 19946K, capacity 20330K, committed 20608K, reserved 1067008K
  class space    used 1905K, capacity 2079K, committed 2176K, reserved 1048576K
}
Event: 73.996 GC heap after
{Heap after GC invocations=43 (full 5):
 garbage-first heap   total 49152K, used 34799K [0x00000006c0000000, 0x00000007c0000000)
  region size 1024K, 1 young (1024K), 1 survivors (1024K)
 Metaspace       used 19946K, capacity 20330K, committed 20608K, reserved 1067008K
  class space    used 1905K, capacity 2079K, committed 2176K, reserved 1048576K
}
Event: 74.000 GC heap before
{Heap before GC invocations=43 (full 5):
 garbage-first heap   total 49152K, used 39919K [0x00000006c0000000, 0x00000007c0000000)
  region size 1024K, 6 young (6144K), 1 survivors (1024K)
 Metaspace       used 19946K, capacity 20330K, committed 20608K, reserved 1067008K
  class space    used 1905K, capacity 2079K, committed 2176K, reserved 1048576K
}
Event: 74.001 GC heap after
{Heap after GC invocations=44 (full 5):
 garbage-first heap   total 49152K, used 34801K [0x00000006c0000000, 0x00000007c0000000)
  region size 1024K, 1 young (1024K), 1 survivors (1024K)
 Metaspace       used 19946K, capacity 20330K, committed 20608K, reserved 1067008K
  class space    used 1905K, capacity 2079K, committed 2176K, reserved 1048576K
}
Event: 74.004 GC heap before
{Heap before GC invocations=44 (full 5):
 garbage-first heap   total 49152K, used 39921K [0x00000006c0000000, 0x00000007c0000000)
  region size 1024K, 6 young (6144K), 1 survivors (1024K)
 Metaspace       used 19946K, capacity 20330K, committed 20608K, reserved 1067008K
  class space    used 1905K, capacity 2079K, committed 2176K, reserved 1048576K
}
Event: 74.004 GC heap after
{Heap after GC invocations=45 (full 5):
 garbage-first heap   total 49152K, used 34801K [0x00000006c0000000, 0x00000007c0000000)
  region size 1024K, 1 young (1024K), 1 survivors (1024K)
 Metaspace       used 19946K, capacity 20330K, committed 20608K, reserved 1067008K
  class space    used 1905K, capacity 2079K, committed 2176K, reserved 1048576K
}
Event: 74.009 GC heap before
{Heap before GC invocations=45 (full 5):
 garbage-first heap   total 49152K, used 29681K [0x00000006c0000000, 0x00000007c0000000)
  region size 1024K, 6 young (6144K), 1 survivors (1024K)
 Metaspace       used 19946K, capacity 20330K, committed 20608K, reserved 1067008K
  class space    used 1905K, capacity 2079K, committed 2176K, reserved 1048576K
}
Event: 74.009 GC heap after
{Heap after GC invocations=46 (full 5):
 garbage-first heap   total 49152K, used 24559K [0x00000006c0000000, 0x00000007c0000000)
  region size 1024K, 1 young (1024K), 1 survivors (1024K)
 Metaspace       used 19946K, capacity 20330K, committed 20608K, reserved 1067008K
  class space    used 1905K, capacity 2079K, committed 2176K, reserved 1048576K
}
Event: 74.017 GC heap before
{Heap before GC invocations=47 (full 5):
 garbage-first heap   total 49152K, used 36847K [0x00000006c0000000, 0x00000007c0000000)
  region size 1024K, 13 young (13312K), 1 survivors (1024K)
 Metaspace       used 19946K, capacity 20330K, committed 20608K, reserved 1067008K
  class space    used 1905K, capacity 2079K, committed 2176K, reserved 1048576K
}
Event: 74.017 GC heap after
{Heap after GC invocations=48 (full 5):
 garbage-first heap   total 49152K, used 24559K [0x00000006c0000000, 0x00000007c0000000)
  region size 1024K, 1 young (1024K), 1 survivors (1024K)
 Metaspace       used 19946K, capacity 20330K, committed 20608K, reserved 1067008K
  class space    used 1905K, capacity 2079K, committed 2176K, reserved 1048576K
}
Event: 74.026 GC heap before
{Heap before GC invocations=48 (full 5):
 garbage-first heap   total 49152K, used 37871K [0x00000006c0000000, 0x00000007c0000000)
  region size 1024K, 14 young (14336K), 1 survivors (1024K)
 Metaspace       used 19946K, capacity 20330K, committed 20608K, reserved 1067008K
  class space    used 1905K, capacity 2079K, committed 2176K, reserved 1048576K
}
Event: 74.027 GC heap after
{Heap after GC invocations=49 (full 5):
 garbage-first heap   total 155648K, used 24559K [0x00000006c0000000, 0x00000007c0000000)
  region size 1024K, 1 young (1024K), 1 survivors (1024K)
 Metaspace       used 19946K, capacity 20330K, committed 20608K, reserved 1067008K
  class space    used 1905K, capacity 2079K, committed 2176K, reserved 1048576K
}
Event: 74.205 GC heap before
{Heap before GC invocations=50 (full 5):
 garbage-first heap   total 155648K, used 139247K [0x00000006c0000000, 0x00000007c0000000)
  region size 1024K, 76 young (77824K), 1 survivors (1024K)
 Metaspace       used 20000K, capacity 20394K, committed 20608K, reserved 1067008K
  class space    used 1905K, capacity 2079K, committed 2176K, reserved 1048576K
}
Event: 74.213 GC heap after
{Heap after GC invocations=51 (full 6):
 garbage-first heap   total 51200K, used 13818K [0x00000006c0000000, 0x00000007c0000000)
  region size 1024K, 0 young (0K), 0 survivors (0K)
 Metaspace       used 20000K, capacity 20394K, committed 20608K, reserved 1067008K
  class space    used 1905K, capacity 2079K, committed 2176K, reserved 1048576K
}

