# JRE version: OpenJDK Runtime Environment Temurin-11.0.26+4 (11.0.26+4) (build 11.0.26+4)
# Java VM: OpenJDK 64-Bit Server VM Temurin-11.0.26+4 (11.0.26+4, mixed mode, tiered, compressed oops, g1 gc, bsd-aarch64)
Heap:
 garbage-first heap   total 156672K, used 39141K [0x00000006c0000000, 0x00000007c0000000)
  region size 1024K, 19 young (19456K), 3 survivors (3072K)
 Metaspace       used 16614K, capacity 16906K, committed 17024K, reserved 1064960K
  class space    used 1514K, capacity 1640K, committed 1664K, reserved 1048576K
GC Heap History (20 events):
Event: 0.637 GC heap before
{Heap before GC invocations=11 (full 3):
 garbage-first heap   total 45056K, used 18383K [0x00000006c0000000, 0x00000007c0000000)
  region size 1024K, 7 young (7168K), 2 survivors (2048K)
 Metaspace       used 15696K, capacity 15978K, committed 16256K, reserved 1064960K
  class space    used 1492K, capacity 1608K, committed 1664K, reserved 1048576K
}
Event: 0.646 GC heap after
{Heap after GC invocations=12 (full 4):
 garbage-first heap   total 45056K, used 14206K [0x00000006c0000000, 0x00000007c0000000)
  region size 1024K, 0 young (0K), 0 survivors (0K)
 Metaspace       used 15696K, capacity 15978K, committed 16256K, reserved 1064960K
  class space    used 1492K, capacity 1608K, committed 1664K, reserved 1048576K
}
Event: 0.805 GC heap before
{Heap before GC invocations=12 (full 4):
 garbage-first heap   total 45056K, used 24446K [0x00000006c0000000, 0x00000007c0000000)
  region size 1024K, 11 young (11264K), 0 survivors (0K)
 Metaspace       used 15986K, capacity 16330K, committed 16512K, reserved 1064960K
  class space    used 1513K, capacity 1640K, committed 1664K, reserved 1048576K
}
Event: 0.807 GC heap after
{Heap after GC invocations=13 (full 4):
 garbage-first heap   total 45056K, used 18207K [0x00000006c0000000, 0x00000007c0000000)
  region size 1024K, 2 young (2048K), 2 survivors (2048K)
 Metaspace       used 15986K, capacity 16330K, committed 16512K, reserved 1064960K
  class space    used 1513K, capacity 1640K, committed 1664K, reserved 1048576K
}
Event: 0.842 GC heap before
{Heap before GC invocations=13 (full 4):
 garbage-first heap   total 45056K, used 21279K [0x00000006c0000000, 0x00000007c0000000)
  region size 1024K, 6 young (6144K), 2 survivors (2048K)
 Metaspace       used 16100K, capacity 16458K, committed 16768K, reserved 1064960K
  class space    used 1513K, capacity 1640K, committed 1664K, reserved 1048576K
}
Event: 0.852 GC heap after
{Heap after GC invocations=14 (full 5):
 garbage-first heap   total 45056K, used 13567K [0x00000006c0000000, 0x00000007c0000000)
  region size 1024K, 0 young (0K), 0 survivors (0K)
 Metaspace       used 16100K, capacity 16458K, committed 16768K, reserved 1064960K
  class space    used 1513K, capacity 1640K, committed 1664K, reserved 1048576K
}
Event: 0.931 GC heap before
{Heap before GC invocations=14 (full 5):
 garbage-first heap   total 45056K, used 25855K [0x00000006c0000000, 0x00000007c0000000)
  region size 1024K, 12 young (12288K), 0 survivors (0K)
 Metaspace       used 16164K, capacity 16458K, committed 16768K, reserved 1064960K
  class space    used 1513K, capacity 1640K, committed 1664K, reserved 1048576K
}
Event: 0.932 GC heap after
{Heap after GC invocations=15 (full 5):
 garbage-first heap   total 45056K, used 17119K [0x00000006c0000000, 0x00000007c0000000)
  region size 1024K, 2 young (2048K), 2 survivors (2048K)
 Metaspace       used 16164K, capacity 16458K, committed 16768K, reserved 1064960K
  class space    used 1513K, capacity 1640K, committed 1664K, reserved 1048576K
}
Event: 1.007 GC heap before
{Heap before GC invocations=15 (full 5):
 garbage-first heap   total 45056K, used 27359K [0x00000006c0000000, 0x00000007c0000000)
  region size 1024K, 13 young (13312K), 2 survivors (2048K)
 Metaspace       used 16230K, capacity 16586K, committed 16768K, reserved 1064960K
  class space    used 1513K, capacity 1640K, committed 1664K, reserved 1048576K
}
Event: 1.008 GC heap after
{Heap after GC invocations=16 (full 5):
 garbage-first heap   total 153600K, used 19693K [0x00000006c0000000, 0x00000007c0000000)
  region size 1024K, 2 young (2048K), 2 survivors (2048K)
 Metaspace       used 16230K, capacity 16586K, committed 16768K, reserved 1064960K
  class space    used 1513K, capacity 1640K, committed 1664K, reserved 1048576K
}
Event: 1.393 GC heap before
{Heap before GC invocations=16 (full 5):
 garbage-first heap   total 153600K, used 84205K [0x00000006c0000000, 0x00000007c0000000)
  region size 1024K, 65 young (66560K), 2 survivors (2048K)
 Metaspace       used 16440K, capacity 16714K, committed 17024K, reserved 1064960K
  class space    used 1514K, capacity 1640K, committed 1664K, reserved 1048576K
}
Event: 1.397 GC heap after
{Heap after GC invocations=17 (full 5):
 garbage-first heap   total 153600K, used 26977K [0x00000006c0000000, 0x00000007c0000000)
  region size 1024K, 9 young (9216K), 9 survivors (9216K)
 Metaspace       used 16440K, capacity 16714K, committed 17024K, reserved 1064960K
  class space    used 1514K, capacity 1640K, committed 1664K, reserved 1048576K
}
Event: 1.443 GC heap before
{Heap before GC invocations=17 (full 5):
 garbage-first heap   total 153600K, used 31073K [0x00000006c0000000, 0x00000007c0000000)
  region size 1024K, 14 young (14336K), 9 survivors (9216K)
 Metaspace       used 16469K, capacity 16842K, committed 17024K, reserved 1064960K
  class space    used 1514K, capacity 1640K, committed 1664K, reserved 1048576K
}
Event: 1.451 GC heap after
{Heap after GC invocations=18 (full 6):
 garbage-first heap   total 51200K, used 14647K [0x00000006c0000000, 0x00000007c0000000)
  region size 1024K, 0 young (0K), 0 survivors (0K)
 Metaspace       used 16469K, capacity 16842K, committed 17024K, reserved 1064960K
  class space    used 1514K, capacity 1640K, committed 1664K, reserved 1048576K
}
Event: 1.539 GC heap before
{Heap before GC invocations=18 (full 6):
 garbage-first heap   total 51200K, used 33079K [0x00000006c0000000, 0x00000007c0000000)
  region size 1024K, 18 young (18432K), 0 survivors (0K)
 Metaspace       used 16492K, capacity 16842K, committed 17024K, reserved 1064960K
  class space    used 1514K, capacity 1640K, committed 1664K, reserved 1048576K
}
Event: 1.540 GC heap after
{Heap after GC invocations=19 (full 6):
 garbage-first heap   total 51200K, used 18421K [0x00000006c0000000, 0x00000007c0000000)
  region size 1024K, 3 young (3072K), 3 survivors (3072K)
 Metaspace       used 16492K, capacity 16842K, committed 17024K, reserved 1064960K
  class space    used 1514K, capacity 1640K, committed 1664K, reserved 1048576K
}
Event: 1.600 GC heap before
{Heap before GC invocations=19 (full 6):
 garbage-first heap   total 51200K, used 33781K [0x00000006c0000000, 0x00000007c0000000)
  region size 1024K, 19 young (19456K), 3 survivors (3072K)
 Metaspace       used 16545K, capacity 16906K, committed 17024K, reserved 1064960K
  class space    used 1514K, capacity 1640K, committed 1664K, reserved 1048576K
}
Event: 1.602 GC heap after
{Heap after GC invocations=20 (full 6):
 garbage-first heap   total 51200K, used 20328K [0x00000006c0000000, 0x00000007c0000000)
  region size 1024K, 3 young (3072K), 3 survivors (3072K)
 Metaspace       used 16545K, capacity 16906K, committed 17024K, reserved 1064960K
  class space    used 1514K, capacity 1640K, committed 1664K, reserved 1048576K
}
Event: 1.663 GC heap before
{Heap before GC invocations=20 (full 6):
 garbage-first heap   total 51200K, used 33640K [0x00000006c0000000, 0x00000007c0000000)
  region size 1024K, 17 young (17408K), 3 survivors (3072K)
 Metaspace       used 16589K, capacity 16906K, committed 17024K, reserved 1064960K
  class space    used 1514K, capacity 1640K, committed 1664K, reserved 1048576K
}
Event: 1.666 GC heap after
{Heap after GC invocations=21 (full 6):
 garbage-first heap   total 156672K, used 23781K [0x00000006c0000000, 0x00000007c0000000)
  region size 1024K, 3 young (3072K), 3 survivors (3072K)
 Metaspace       used 16589K, capacity 16906K, committed 17024K, reserved 1064960K
  class space    used 1514K, capacity 1640K, committed 1664K, reserved 1048576K
}

