# JRE version: OpenJDK Runtime Environment Temurin-11.0.26+4 (11.0.26+4) (build 11.0.26+4)
# Java VM: OpenJDK 64-Bit Server VM Temurin-11.0.26+4 (11.0.26+4, mixed mode, tiered, compressed oops, g1 gc, bsd-aarch64)
Heap:
 garbage-first heap   total 143360K, used 65469K [0x00000006c0000000, 0x00000007c0000000)
  region size 1024K, 20 young (20480K), 4 survivors (4096K)
 Metaspace       used 20053K, capacity 20458K, committed 20608K, reserved 1067008K
  class space    used 1906K, capacity 2079K, committed 2176K, reserved 1048576K
GC Heap History (20 events):
Event: 0.793 GC heap before
{Heap before GC invocations=13 (full 4):
 garbage-first heap   total 43008K, used 30529K [0x00000006c0000000, 0x00000007c0000000)
  region size 1024K, 7 young (7168K), 0 survivors (0K)
 Metaspace       used 18589K, capacity 19038K, committed 19200K, reserved 1067008K
  class space    used 1789K, capacity 1947K, committed 2048K, reserved 1048576K
}
Event: 0.794 GC heap after
{Heap after GC invocations=14 (full 4):
 garbage-first heap   total 43008K, used 25601K [0x00000006c0000000, 0x00000007c0000000)
  region size 1024K, 1 young (1024K), 1 survivors (1024K)
 Metaspace       used 18589K, capacity 19038K, committed 19200K, reserved 1067008K
  class space    used 1789K, capacity 1947K, committed 2048K, reserved 1048576K
}
Event: 0.831 GC heap before
{Heap before GC invocations=15 (full 4):
 garbage-first heap   total 43008K, used 27649K [0x00000006c0000000, 0x00000007c0000000)
  region size 1024K, 4 young (4096K), 1 survivors (1024K)
 Metaspace       used 18666K, capacity 19038K, committed 19200K, reserved 1067008K
  class space    used 1790K, capacity 1947K, committed 2048K, reserved 1048576K
}
Event: 0.840 GC heap after
{Heap after GC invocations=16 (full 5):
 garbage-first heap   total 45056K, used 25301K [0x00000006c0000000, 0x00000007c0000000)
  region size 1024K, 0 young (0K), 0 survivors (0K)
 Metaspace       used 18666K, capacity 19038K, committed 19200K, reserved 1067008K
  class space    used 1790K, capacity 1947K, committed 2048K, reserved 1048576K
}
Event: 0.848 GC heap before
{Heap before GC invocations=16 (full 5):
 garbage-first heap   total 45056K, used 25301K [0x00000006c0000000, 0x00000007c0000000)
  region size 1024K, 1 young (1024K), 0 survivors (0K)
 Metaspace       used 18675K, capacity 19102K, committed 19456K, reserved 1067008K
  class space    used 1790K, capacity 1947K, committed 2048K, reserved 1048576K
}
Event: 0.849 GC heap after
{Heap after GC invocations=17 (full 5):
 garbage-first heap   total 153600K, used 25454K [0x00000006c0000000, 0x00000007c0000000)
  region size 1024K, 1 young (1024K), 1 survivors (1024K)
 Metaspace       used 18675K, capacity 19102K, committed 19456K, reserved 1067008K
  class space    used 1790K, capacity 1947K, committed 2048K, reserved 1048576K
}
Event: 1.088 GC heap before
{Heap before GC invocations=18 (full 5):
 garbage-first heap   total 153600K, used 143214K [0x00000006c0000000, 0x00000007c0000000)
  region size 1024K, 76 young (77824K), 1 survivors (1024K)
 Metaspace       used 19057K, capacity 19454K, committed 19712K, reserved 1067008K
  class space    used 1818K, capacity 1979K, committed 2048K, reserved 1048576K
}
Event: 1.089 GC heap after
{Heap after GC invocations=19 (full 5):
 garbage-first heap   total 153600K, used 53714K [0x00000006c0000000, 0x00000007c0000000)
  region size 1024K, 1 young (1024K), 1 survivors (1024K)
 Metaspace       used 19057K, capacity 19454K, committed 19712K, reserved 1067008K
  class space    used 1818K, capacity 1979K, committed 2048K, reserved 1048576K
}
Event: 1.124 GC heap before
{Heap before GC invocations=20 (full 5):
 garbage-first heap   total 153600K, used 61906K [0x00000006c0000000, 0x00000007c0000000)
  region size 1024K, 6 young (6144K), 1 survivors (1024K)
 Metaspace       used 19067K, capacity 19518K, committed 19712K, reserved 1067008K
  class space    used 1818K, capacity 1979K, committed 2048K, reserved 1048576K
}
Event: 1.131 GC heap after
{Heap after GC invocations=21 (full 6):
 garbage-first heap   total 143360K, used 41405K [0x00000006c0000000, 0x00000007c0000000)
  region size 1024K, 0 young (0K), 0 survivors (0K)
 Metaspace       used 19067K, capacity 19518K, committed 19712K, reserved 1067008K
  class space    used 1818K, capacity 1979K, committed 2048K, reserved 1048576K
}
Event: 17.751 GC heap before
{Heap before GC invocations=21 (full 6):
 garbage-first heap   total 143360K, used 126397K [0x00000006c0000000, 0x00000007c0000000)
  region size 1024K, 72 young (73728K), 0 survivors (0K)
 Metaspace       used 19864K, capacity 20266K, committed 20608K, reserved 1067008K
  class space    used 1905K, capacity 2079K, committed 2176K, reserved 1048576K
}
Event: 17.752 GC heap after
{Heap after GC invocations=22 (full 6):
 garbage-first heap   total 143360K, used 55449K [0x00000006c0000000, 0x00000007c0000000)
  region size 1024K, 3 young (3072K), 3 survivors (3072K)
 Metaspace       used 19864K, capacity 20266K, committed 20608K, reserved 1067008K
  class space    used 1905K, capacity 2079K, committed 2176K, reserved 1048576K
}
Event: 17.837 GC heap before
{Heap before GC invocations=23 (full 6):
 garbage-first heap   total 143360K, used 76953K [0x00000006c0000000, 0x00000007c0000000)
  region size 1024K, 16 young (16384K), 3 survivors (3072K)
 Metaspace       used 20003K, capacity 20458K, committed 20608K, reserved 1067008K
  class space    used 1905K, capacity 2079K, committed 2176K, reserved 1048576K
}
Event: 17.837 GC heap after
{Heap after GC invocations=24 (full 6):
 garbage-first heap   total 143360K, used 43513K [0x00000006c0000000, 0x00000007c0000000)
  region size 1024K, 4 young (4096K), 4 survivors (4096K)
 Metaspace       used 20003K, capacity 20458K, committed 20608K, reserved 1067008K
  class space    used 1905K, capacity 2079K, committed 2176K, reserved 1048576K
}
Event: 17.902 GC heap before
{Heap before GC invocations=25 (full 6):
 garbage-first heap   total 143360K, used 98809K [0x00000006c0000000, 0x00000007c0000000)
  region size 1024K, 53 young (54272K), 4 survivors (4096K)
 Metaspace       used 20005K, capacity 20458K, committed 20608K, reserved 1067008K
  class space    used 1905K, capacity 2079K, committed 2176K, reserved 1048576K
}
Event: 17.902 GC heap after
{Heap after GC invocations=26 (full 6):
 garbage-first heap   total 143360K, used 40381K [0x00000006c0000000, 0x00000007c0000000)
  region size 1024K, 3 young (3072K), 3 survivors (3072K)
 Metaspace       used 20005K, capacity 20458K, committed 20608K, reserved 1067008K
  class space    used 1905K, capacity 2079K, committed 2176K, reserved 1048576K
}
Event: 17.969 GC heap before
{Heap before GC invocations=26 (full 6):
 garbage-first heap   total 143360K, used 87485K [0x00000006c0000000, 0x00000007c0000000)
  region size 1024K, 26 young (26624K), 3 survivors (3072K)
 Metaspace       used 20044K, capacity 20458K, committed 20608K, reserved 1067008K
  class space    used 1906K, capacity 2079K, committed 2176K, reserved 1048576K
}
Event: 17.971 GC heap after
{Heap after GC invocations=27 (full 6):
 garbage-first heap   total 143360K, used 45500K [0x00000006c0000000, 0x00000007c0000000)
  region size 1024K, 4 young (4096K), 4 survivors (4096K)
 Metaspace       used 20044K, capacity 20458K, committed 20608K, reserved 1067008K
  class space    used 1906K, capacity 2079K, committed 2176K, reserved 1048576K
}
Event: 18.105 GC heap before
{Heap before GC invocations=28 (full 6):
 garbage-first heap   total 143360K, used 105916K [0x00000006c0000000, 0x00000007c0000000)
  region size 1024K, 49 young (50176K), 4 survivors (4096K)
 Metaspace       used 20047K, capacity 20458K, committed 20608K, reserved 1067008K
  class space    used 1906K, capacity 2079K, committed 2176K, reserved 1048576K
}
Event: 18.106 GC heap after
{Heap after GC invocations=29 (full 6):
 garbage-first heap   total 143360K, used 50109K [0x00000006c0000000, 0x00000007c0000000)
  region size 1024K, 4 young (4096K), 4 survivors (4096K)
 Metaspace       used 20047K, capacity 20458K, committed 20608K, reserved 1067008K
  class space    used 1906K, capacity 2079K, committed 2176K, reserved 1048576K
}

